{"/Users/rodrigue/Desktop/Projects/e-commerce-lydia-32-fn/tailwind.config.js": {"path":"/Users/rodrigue/Desktop/Projects/e-commerce-lydia-32-fn/tailwind.config.js","statementMap":{"0":{"start":{"line":2,"column":0},"end":{"line":20,"column":null}}},"fnMap":{},"branchMap":{},"s":{"0":0},"f":{},"b":{}}
,"/Users/rodrigue/Desktop/Projects/e-commerce-lydia-32-fn/src/App.tsx": {"path":"/Users/rodrigue/Desktop/Projects/e-commerce-lydia-32-fn/src/App.tsx","statementMap":{"0":{"start":{"line":46,"column":22},"end":{"line":138,"column":null}},"1":{"start":{"line":47,"column":17},"end":{"line":129,"column":null}},"2":{"start":{"line":131,"column":2},"end":{"line":136,"column":null}}},"fnMap":{"0":{"name":"(anonymous_0)","decl":{"start":{"line":46,"column":22},"end":{"line":46,"column":28}},"loc":{"start":{"line":46,"column":28},"end":{"line":138,"column":null}}}},"branchMap":{},"s":{"0":1,"1":4,"2":4},"f":{"0":4},"b":{}}
,"/Users/rodrigue/Desktop/Projects/e-commerce-lydia-32-fn/src/hooks.ts": {"path":"/Users/rodrigue/Desktop/Projects/e-commerce-lydia-32-fn/src/hooks.ts","statementMap":{"0":{"start":{"line":4,"column":63},"end":{"line":4,"column":null}}},"fnMap":{},"branchMap":{},"s":{"0":0},"f":{},"b":{}}
,"/Users/rodrigue/Desktop/Projects/e-commerce-lydia-32-fn/src/main.tsx": {"path":"/Users/rodrigue/Desktop/Projects/e-commerce-lydia-32-fn/src/main.tsx","statementMap":{"0":{"start":{"line":10,"column":0},"end":{"line":10,"column":null}},"1":{"start":{"line":12,"column":17},"end":{"line":12,"column":null}},"2":{"start":{"line":14,"column":0},"end":{"line":20,"column":null}}},"fnMap":{},"branchMap":{},"s":{"0":0,"1":0,"2":0},"f":{},"b":{}}
,"/Users/rodrigue/Desktop/Projects/e-commerce-lydia-32-fn/src/store.tsx": {"path":"/Users/rodrigue/Desktop/Projects/e-commerce-lydia-32-fn/src/store.tsx","statementMap":{"0":{"start":{"line":15,"column":14},"end":{"line":33,"column":null}},"1":{"start":{"line":31,"column":4},"end":{"line":31,"column":null}}},"fnMap":{"0":{"name":"(anonymous_0)","decl":{"start":{"line":30,"column":14},"end":{"line":30,"column":15}},"loc":{"start":{"line":31,"column":4},"end":{"line":31,"column":null}}}},"branchMap":{},"s":{"0":1,"1":1},"f":{"0":1},"b":{}}
,"/Users/rodrigue/Desktop/Projects/e-commerce-lydia-32-fn/src/Components/Button.tsx": {"path":"/Users/rodrigue/Desktop/Projects/e-commerce-lydia-32-fn/src/Components/Button.tsx","statementMap":{"0":{"start":{"line":12,"column":45},"end":{"line":30,"column":null}},"1":{"start":{"line":19,"column":15},"end":{"line":19,"column":null}},"2":{"start":{"line":20,"column":2},"end":{"line":28,"column":null}}},"fnMap":{"0":{"name":"(anonymous_0)","decl":{"start":{"line":12,"column":45},"end":{"line":12,"column":46}},"loc":{"start":{"line":18,"column":6},"end":{"line":30,"column":null}}}},"branchMap":{"0":{"loc":{"start":{"line":13,"column":2},"end":{"line":13,"column":null}},"type":"default-arg","locations":[{"start":{"line":13,"column":12},"end":{"line":13,"column":null}}]},"1":{"loc":{"start":{"line":14,"column":2},"end":{"line":14,"column":null}},"type":"default-arg","locations":[{"start":{"line":14,"column":9},"end":{"line":14,"column":null}}]},"2":{"loc":{"start":{"line":19,"column":15},"end":{"line":19,"column":null}},"type":"cond-expr","locations":[{"start":{"line":19,"column":25},"end":{"line":19,"column":55}},{"start":{"line":19,"column":55},"end":{"line":19,"column":null}}]}},"s":{"0":0,"1":0,"2":0},"f":{"0":0},"b":{"0":[0],"1":[0],"2":[0,0]}}
,"/Users/rodrigue/Desktop/Projects/e-commerce-lydia-32-fn/src/Components/ConfirmationDialog.tsx": {"path":"/Users/rodrigue/Desktop/Projects/e-commerce-lydia-32-fn/src/Components/ConfirmationDialog.tsx","statementMap":{"0":{"start":{"line":9,"column":62},"end":{"line":37,"column":null}},"1":{"start":{"line":10,"column":2},"end":{"line":35,"column":null}}},"fnMap":{"0":{"name":"(anonymous_0)","decl":{"start":{"line":9,"column":62},"end":{"line":9,"column":63}},"loc":{"start":{"line":9,"column":100},"end":{"line":37,"column":null}}}},"branchMap":{},"s":{"0":1,"1":0},"f":{"0":0},"b":{}}
,"/Users/rodrigue/Desktop/Projects/e-commerce-lydia-32-fn/src/Components/EmptyCart.tsx": {"path":"/Users/rodrigue/Desktop/Projects/e-commerce-lydia-32-fn/src/Components/EmptyCart.tsx","statementMap":{"0":{"start":{"line":11,"column":28},"end":{"line":23,"column":null}},"1":{"start":{"line":13,"column":35},"end":{"line":13,"column":null}},"2":{"start":{"line":14,"column":1},"end":{"line":21,"column":null}}},"fnMap":{"0":{"name":"(anonymous_0)","decl":{"start":{"line":11,"column":28},"end":{"line":11,"column":34}},"loc":{"start":{"line":11,"column":34},"end":{"line":23,"column":null}}}},"branchMap":{"0":{"loc":{"start":{"line":13,"column":35},"end":{"line":13,"column":null}},"type":"cond-expr","locations":[{"start":{"line":13,"column":70},"end":{"line":13,"column":118}},{"start":{"line":13,"column":118},"end":{"line":13,"column":null}}]}},"s":{"0":1,"1":0,"2":0},"f":{"0":0},"b":{"0":[0,0]}}
,"/Users/rodrigue/Desktop/Projects/e-commerce-lydia-32-fn/src/Components/ForgotPassword.tsx": {"path":"/Users/rodrigue/Desktop/Projects/e-commerce-lydia-32-fn/src/Components/ForgotPassword.tsx","statementMap":{"0":{"start":{"line":4,"column":33},"end":{"line":75,"column":null}},"1":{"start":{"line":5,"column":30},"end":{"line":5,"column":null}},"2":{"start":{"line":6,"column":34},"end":{"line":6,"column":null}},"3":{"start":{"line":8,"column":25},"end":{"line":41,"column":null}},"4":{"start":{"line":9,"column":8},"end":{"line":9,"column":null}},"5":{"start":{"line":12,"column":8},"end":{"line":15,"column":null}},"6":{"start":{"line":13,"column":12},"end":{"line":13,"column":null}},"7":{"start":{"line":14,"column":12},"end":{"line":14,"column":null}},"8":{"start":{"line":17,"column":8},"end":{"line":17,"column":null}},"9":{"start":{"line":19,"column":8},"end":{"line":40,"column":null}},"10":{"start":{"line":20,"column":29},"end":{"line":26,"column":null}},"11":{"start":{"line":28,"column":25},"end":{"line":28,"column":null}},"12":{"start":{"line":30,"column":12},"end":{"line":34,"column":null}},"13":{"start":{"line":31,"column":16},"end":{"line":31,"column":null}},"14":{"start":{"line":33,"column":16},"end":{"line":33,"column":null}},"15":{"start":{"line":36,"column":12},"end":{"line":36,"column":null}},"16":{"start":{"line":37,"column":12},"end":{"line":37,"column":null}},"17":{"start":{"line":39,"column":12},"end":{"line":39,"column":null}},"18":{"start":{"line":43,"column":4},"end":{"line":73,"column":null}},"19":{"start":{"line":52,"column":45},"end":{"line":52,"column":null}}},"fnMap":{"0":{"name":"(anonymous_0)","decl":{"start":{"line":4,"column":33},"end":{"line":4,"column":39}},"loc":{"start":{"line":4,"column":39},"end":{"line":75,"column":null}}},"1":{"name":"(anonymous_1)","decl":{"start":{"line":8,"column":25},"end":{"line":8,"column":32}},"loc":{"start":{"line":8,"column":55},"end":{"line":41,"column":null}}},"2":{"name":"(anonymous_2)","decl":{"start":{"line":52,"column":38},"end":{"line":52,"column":39}},"loc":{"start":{"line":52,"column":45},"end":{"line":52,"column":null}}}},"branchMap":{"0":{"loc":{"start":{"line":12,"column":8},"end":{"line":15,"column":null}},"type":"if","locations":[{"start":{"line":12,"column":8},"end":{"line":15,"column":null}},{"start":{},"end":{}}]},"1":{"loc":{"start":{"line":30,"column":12},"end":{"line":34,"column":null}},"type":"if","locations":[{"start":{"line":30,"column":12},"end":{"line":34,"column":null}},{"start":{"line":32,"column":19},"end":{"line":34,"column":null}}]},"2":{"loc":{"start":{"line":33,"column":28},"end":{"line":33,"column":64}},"type":"binary-expr","locations":[{"start":{"line":33,"column":28},"end":{"line":33,"column":42}},{"start":{"line":33,"column":42},"end":{"line":33,"column":64}}]},"3":{"loc":{"start":{"line":58,"column":114},"end":{"line":58,"column":138}},"type":"cond-expr","locations":[{"start":{"line":58,"column":122},"end":{"line":58,"column":133}},{"start":{"line":58,"column":133},"end":{"line":58,"column":138}}]},"4":{"loc":{"start":{"line":65,"column":25},"end":{"line":65,"column":null}},"type":"cond-expr","locations":[{"start":{"line":65,"column":35},"end":{"line":65,"column":50}},{"start":{"line":65,"column":50},"end":{"line":65,"column":null}}]}},"s":{"0":0,"1":0,"2":0,"3":0,"4":0,"5":0,"6":0,"7":0,"8":0,"9":0,"10":0,"11":0,"12":0,"13":0,"14":0,"15":0,"16":0,"17":0,"18":0,"19":0},"f":{"0":0,"1":0,"2":0},"b":{"0":[0,0],"1":[0,0],"2":[0,0],"3":[0,0],"4":[0,0]}}
,"/Users/rodrigue/Desktop/Projects/e-commerce-lydia-32-fn/src/Components/NotificationIcon.tsx": {"path":"/Users/rodrigue/Desktop/Projects/e-commerce-lydia-32-fn/src/Components/NotificationIcon.tsx","statementMap":{"0":{"start":{"line":9,"column":58},"end":{"line":20,"column":null}},"1":{"start":{"line":10,"column":2},"end":{"line":18,"column":null}}},"fnMap":{"0":{"name":"(anonymous_0)","decl":{"start":{"line":9,"column":58},"end":{"line":9,"column":59}},"loc":{"start":{"line":9,"column":71},"end":{"line":20,"column":null}}}},"branchMap":{"0":{"loc":{"start":{"line":13,"column":7},"end":{"line":16,"column":null}},"type":"binary-expr","locations":[{"start":{"line":13,"column":7},"end":{"line":13,"column":null}},{"start":{"line":14,"column":8},"end":{"line":16,"column":null}}]}},"s":{"0":0,"1":0},"f":{"0":0},"b":{"0":[0,0]}}
,"/Users/rodrigue/Desktop/Projects/e-commerce-lydia-32-fn/src/Components/ResetPassword.tsx": {"path":"/Users/rodrigue/Desktop/Projects/e-commerce-lydia-32-fn/src/Components/ResetPassword.tsx","statementMap":{"0":{"start":{"line":5,"column":32},"end":{"line":108,"column":null}},"1":{"start":{"line":6,"column":36},"end":{"line":6,"column":null}},"2":{"start":{"line":7,"column":50},"end":{"line":7,"column":null}},"3":{"start":{"line":8,"column":30},"end":{"line":8,"column":null}},"4":{"start":{"line":9,"column":34},"end":{"line":9,"column":null}},"5":{"start":{"line":10,"column":21},"end":{"line":10,"column":null}},"6":{"start":{"line":12,"column":21},"end":{"line":12,"column":null}},"7":{"start":{"line":14,"column":4},"end":{"line":22,"column":null}},"8":{"start":{"line":15,"column":29},"end":{"line":15,"column":null}},"9":{"start":{"line":16,"column":27},"end":{"line":16,"column":null}},"10":{"start":{"line":17,"column":8},"end":{"line":21,"column":null}},"11":{"start":{"line":18,"column":12},"end":{"line":18,"column":null}},"12":{"start":{"line":20,"column":12},"end":{"line":20,"column":null}},"13":{"start":{"line":24,"column":25},"end":{"line":66,"column":null}},"14":{"start":{"line":25,"column":8},"end":{"line":25,"column":null}},"15":{"start":{"line":28,"column":8},"end":{"line":31,"column":null}},"16":{"start":{"line":29,"column":12},"end":{"line":29,"column":null}},"17":{"start":{"line":30,"column":12},"end":{"line":30,"column":null}},"18":{"start":{"line":33,"column":8},"end":{"line":36,"column":null}},"19":{"start":{"line":34,"column":12},"end":{"line":34,"column":null}},"20":{"start":{"line":35,"column":12},"end":{"line":35,"column":null}},"21":{"start":{"line":38,"column":8},"end":{"line":38,"column":null}},"22":{"start":{"line":40,"column":8},"end":{"line":65,"column":null}},"23":{"start":{"line":41,"column":29},"end":{"line":47,"column":null}},"24":{"start":{"line":50,"column":25},"end":{"line":50,"column":null}},"25":{"start":{"line":52,"column":12},"end":{"line":59,"column":null}},"26":{"start":{"line":53,"column":16},"end":{"line":53,"column":null}},"27":{"start":{"line":54,"column":16},"end":{"line":56,"column":null}},"28":{"start":{"line":55,"column":20},"end":{"line":55,"column":null}},"29":{"start":{"line":58,"column":16},"end":{"line":58,"column":null}},"30":{"start":{"line":61,"column":12},"end":{"line":61,"column":null}},"31":{"start":{"line":62,"column":12},"end":{"line":62,"column":null}},"32":{"start":{"line":64,"column":12},"end":{"line":64,"column":null}},"33":{"start":{"line":68,"column":4},"end":{"line":106,"column":null}},"34":{"start":{"line":77,"column":45},"end":{"line":77,"column":null}},"35":{"start":{"line":89,"column":45},"end":{"line":89,"column":null}}},"fnMap":{"0":{"name":"(anonymous_0)","decl":{"start":{"line":5,"column":32},"end":{"line":5,"column":38}},"loc":{"start":{"line":5,"column":38},"end":{"line":108,"column":null}}},"1":{"name":"(anonymous_1)","decl":{"start":{"line":14,"column":14},"end":{"line":14,"column":20}},"loc":{"start":{"line":14,"column":20},"end":{"line":22,"column":7}}},"2":{"name":"(anonymous_2)","decl":{"start":{"line":24,"column":25},"end":{"line":24,"column":32}},"loc":{"start":{"line":24,"column":55},"end":{"line":66,"column":null}}},"3":{"name":"(anonymous_3)","decl":{"start":{"line":54,"column":27},"end":{"line":54,"column":33}},"loc":{"start":{"line":54,"column":33},"end":{"line":56,"column":19}}},"4":{"name":"(anonymous_4)","decl":{"start":{"line":77,"column":38},"end":{"line":77,"column":39}},"loc":{"start":{"line":77,"column":45},"end":{"line":77,"column":null}}},"5":{"name":"(anonymous_5)","decl":{"start":{"line":89,"column":38},"end":{"line":89,"column":39}},"loc":{"start":{"line":89,"column":45},"end":{"line":89,"column":null}}}},"branchMap":{"0":{"loc":{"start":{"line":17,"column":8},"end":{"line":21,"column":null}},"type":"if","locations":[{"start":{"line":17,"column":8},"end":{"line":21,"column":null}},{"start":{"line":19,"column":15},"end":{"line":21,"column":null}}]},"1":{"loc":{"start":{"line":28,"column":8},"end":{"line":31,"column":null}},"type":"if","locations":[{"start":{"line":28,"column":8},"end":{"line":31,"column":null}},{"start":{},"end":{}}]},"2":{"loc":{"start":{"line":33,"column":8},"end":{"line":36,"column":null}},"type":"if","locations":[{"start":{"line":33,"column":8},"end":{"line":36,"column":null}},{"start":{},"end":{}}]},"3":{"loc":{"start":{"line":52,"column":12},"end":{"line":59,"column":null}},"type":"if","locations":[{"start":{"line":52,"column":12},"end":{"line":59,"column":null}},{"start":{"line":57,"column":19},"end":{"line":59,"column":null}}]},"4":{"loc":{"start":{"line":58,"column":28},"end":{"line":58,"column":64}},"type":"binary-expr","locations":[{"start":{"line":58,"column":28},"end":{"line":58,"column":42}},{"start":{"line":58,"column":42},"end":{"line":58,"column":64}}]},"5":{"loc":{"start":{"line":83,"column":114},"end":{"line":83,"column":141}},"type":"cond-expr","locations":[{"start":{"line":83,"column":125},"end":{"line":83,"column":136}},{"start":{"line":83,"column":136},"end":{"line":83,"column":141}}]},"6":{"loc":{"start":{"line":95,"column":114},"end":{"line":95,"column":148}},"type":"cond-expr","locations":[{"start":{"line":95,"column":132},"end":{"line":95,"column":143}},{"start":{"line":95,"column":143},"end":{"line":95,"column":148}}]},"7":{"loc":{"start":{"line":102,"column":25},"end":{"line":102,"column":null}},"type":"cond-expr","locations":[{"start":{"line":102,"column":35},"end":{"line":102,"column":52}},{"start":{"line":102,"column":52},"end":{"line":102,"column":null}}]}},"s":{"0":0,"1":0,"2":0,"3":0,"4":0,"5":0,"6":0,"7":0,"8":0,"9":0,"10":0,"11":0,"12":0,"13":0,"14":0,"15":0,"16":0,"17":0,"18":0,"19":0,"20":0,"21":0,"22":0,"23":0,"24":0,"25":0,"26":0,"27":0,"28":0,"29":0,"30":0,"31":0,"32":0,"33":0,"34":0,"35":0},"f":{"0":0,"1":0,"2":0,"3":0,"4":0,"5":0},"b":{"0":[0,0],"1":[0,0],"2":[0,0],"3":[0,0],"4":[0,0],"5":[0,0],"6":[0,0],"7":[0,0]}}
,"/Users/rodrigue/Desktop/Projects/e-commerce-lydia-32-fn/src/Components/SellerProductCard.tsx": {"path":"/Users/rodrigue/Desktop/Projects/e-commerce-lydia-32-fn/src/Components/SellerProductCard.tsx","statementMap":{"0":{"start":{"line":18,"column":60},"end":{"line":59,"column":null}},"1":{"start":{"line":19,"column":2},"end":{"line":57,"column":null}},"2":{"start":{"line":44,"column":20},"end":{"line":44,"column":null}},"3":{"start":{"line":45,"column":20},"end":{"line":45,"column":null}}},"fnMap":{"0":{"name":"(anonymous_0)","decl":{"start":{"line":18,"column":60},"end":{"line":18,"column":61}},"loc":{"start":{"line":18,"column":99},"end":{"line":59,"column":null}}},"1":{"name":"(anonymous_1)","decl":{"start":{"line":43,"column":27},"end":{"line":43,"column":28}},"loc":{"start":{"line":43,"column":34},"end":{"line":46,"column":null}}}},"branchMap":{"0":{"loc":{"start":{"line":50,"column":19},"end":{"line":50,"column":null}},"type":"cond-expr","locations":[{"start":{"line":50,"column":32},"end":{"line":50,"column":40}},{"start":{"line":50,"column":40},"end":{"line":50,"column":null}}]}},"s":{"0":1,"1":0,"2":0,"3":0},"f":{"0":0,"1":0},"b":{"0":[0,0]}}
,"/Users/rodrigue/Desktop/Projects/e-commerce-lydia-32-fn/src/Components/Spinners.tsx": {"path":"/Users/rodrigue/Desktop/Projects/e-commerce-lydia-32-fn/src/Components/Spinners.tsx","statementMap":{"0":{"start":{"line":5,"column":26},"end":{"line":20,"column":null}},"1":{"start":{"line":6,"column":18},"end":{"line":10,"column":null}},"2":{"start":{"line":11,"column":2},"end":{"line":18,"column":null}}},"fnMap":{"0":{"name":"(anonymous_0)","decl":{"start":{"line":5,"column":26},"end":{"line":5,"column":32}},"loc":{"start":{"line":5,"column":32},"end":{"line":20,"column":null}}}},"branchMap":{},"s":{"0":3,"1":3,"2":3},"f":{"0":3},"b":{}}
,"/Users/rodrigue/Desktop/Projects/e-commerce-lydia-32-fn/src/Components/UpdateProductDialog.tsx": {"path":"/Users/rodrigue/Desktop/Projects/e-commerce-lydia-32-fn/src/Components/UpdateProductDialog.tsx","statementMap":{"0":{"start":{"line":22,"column":19},"end":{"line":39,"column":null}},"1":{"start":{"line":41,"column":57},"end":{"line":198,"column":null}},"2":{"start":{"line":46,"column":46},"end":{"line":48,"column":null}},"3":{"start":{"line":50,"column":36},"end":{"line":50,"column":null}},"4":{"start":{"line":51,"column":28},"end":{"line":51,"column":null}},"5":{"start":{"line":52,"column":41},"end":{"line":52,"column":null}},"6":{"start":{"line":54,"column":2},"end":{"line":58,"column":null}},"7":{"start":{"line":55,"column":4},"end":{"line":57,"column":null}},"8":{"start":{"line":56,"column":6},"end":{"line":56,"column":null}},"9":{"start":{"line":60,"column":23},"end":{"line":67,"column":null}},"10":{"start":{"line":61,"column":28},"end":{"line":61,"column":null}},"11":{"start":{"line":63,"column":4},"end":{"line":66,"column":null}},"12":{"start":{"line":63,"column":33},"end":{"line":66,"column":6}},"13":{"start":{"line":71,"column":21},"end":{"line":87,"column":null}},"14":{"start":{"line":72,"column":4},"end":{"line":86,"column":null}},"15":{"start":{"line":73,"column":6},"end":{"line":73,"column":null}},"16":{"start":{"line":74,"column":6},"end":{"line":74,"column":null}},"17":{"start":{"line":76,"column":6},"end":{"line":85,"column":null}},"18":{"start":{"line":77,"column":8},"end":{"line":77,"column":null}},"19":{"start":{"line":78,"column":8},"end":{"line":78,"column":null}},"20":{"start":{"line":79,"column":8},"end":{"line":79,"column":null}},"21":{"start":{"line":81,"column":8},"end":{"line":81,"column":null}},"22":{"start":{"line":82,"column":8},"end":{"line":82,"column":null}},"23":{"start":{"line":84,"column":8},"end":{"line":84,"column":null}},"24":{"start":{"line":89,"column":2},"end":{"line":196,"column":null}},"25":{"start":{"line":127,"column":14},"end":{"line":129,"column":null}}},"fnMap":{"0":{"name":"(anonymous_0)","decl":{"start":{"line":41,"column":57},"end":{"line":41,"column":58}},"loc":{"start":{"line":45,"column":6},"end":{"line":198,"column":null}}},"1":{"name":"(anonymous_1)","decl":{"start":{"line":54,"column":12},"end":{"line":54,"column":18}},"loc":{"start":{"line":54,"column":18},"end":{"line":58,"column":5}}},"2":{"name":"(anonymous_2)","decl":{"start":{"line":60,"column":23},"end":{"line":60,"column":24}},"loc":{"start":{"line":60,"column":71},"end":{"line":67,"column":null}}},"3":{"name":"(anonymous_3)","decl":{"start":{"line":63,"column":22},"end":{"line":63,"column":23}},"loc":{"start":{"line":63,"column":33},"end":{"line":66,"column":6}}},"4":{"name":"(anonymous_4)","decl":{"start":{"line":71,"column":21},"end":{"line":71,"column":33}},"loc":{"start":{"line":71,"column":33},"end":{"line":87,"column":null}}},"5":{"name":"(anonymous_5)","decl":{"start":{"line":126,"column":28},"end":{"line":126,"column":29}},"loc":{"start":{"line":127,"column":14},"end":{"line":129,"column":null}}}},"branchMap":{"0":{"loc":{"start":{"line":55,"column":4},"end":{"line":57,"column":null}},"type":"if","locations":[{"start":{"line":55,"column":4},"end":{"line":57,"column":null}},{"start":{},"end":{}}]},"1":{"loc":{"start":{"line":65,"column":14},"end":{"line":65,"column":null}},"type":"cond-expr","locations":[{"start":{"line":65,"column":33},"end":{"line":65,"column":53}},{"start":{"line":65,"column":53},"end":{"line":65,"column":null}}]},"2":{"loc":{"start":{"line":72,"column":4},"end":{"line":86,"column":null}},"type":"if","locations":[{"start":{"line":72,"column":4},"end":{"line":86,"column":null}},{"start":{},"end":{}}]},"3":{"loc":{"start":{"line":94,"column":11},"end":{"line":94,"column":null}},"type":"binary-expr","locations":[{"start":{"line":94,"column":11},"end":{"line":94,"column":20}},{"start":{"line":94,"column":20},"end":{"line":94,"column":null}}]},"4":{"loc":{"start":{"line":101,"column":19},"end":{"line":101,"column":null}},"type":"binary-expr","locations":[{"start":{"line":101,"column":19},"end":{"line":101,"column":50}},{"start":{"line":101,"column":50},"end":{"line":101,"column":null}}]},"5":{"loc":{"start":{"line":111,"column":19},"end":{"line":111,"column":null}},"type":"binary-expr","locations":[{"start":{"line":111,"column":19},"end":{"line":111,"column":44}},{"start":{"line":111,"column":44},"end":{"line":111,"column":null}}]},"6":{"loc":{"start":{"line":123,"column":19},"end":{"line":123,"column":null}},"type":"binary-expr","locations":[{"start":{"line":123,"column":19},"end":{"line":123,"column":54}},{"start":{"line":123,"column":54},"end":{"line":123,"column":null}}]},"7":{"loc":{"start":{"line":138,"column":19},"end":{"line":138,"column":null}},"type":"binary-expr","locations":[{"start":{"line":138,"column":19},"end":{"line":138,"column":50}},{"start":{"line":138,"column":50},"end":{"line":138,"column":null}}]},"8":{"loc":{"start":{"line":147,"column":19},"end":{"line":147,"column":null}},"type":"binary-expr","locations":[{"start":{"line":147,"column":19},"end":{"line":147,"column":49}},{"start":{"line":147,"column":49},"end":{"line":147,"column":null}}]},"9":{"loc":{"start":{"line":156,"column":19},"end":{"line":156,"column":null}},"type":"binary-expr","locations":[{"start":{"line":156,"column":19},"end":{"line":156,"column":45}},{"start":{"line":156,"column":45},"end":{"line":156,"column":null}}]},"10":{"loc":{"start":{"line":184,"column":20},"end":{"line":184,"column":null}},"type":"binary-expr","locations":[{"start":{"line":184,"column":20},"end":{"line":184,"column":33}},{"start":{"line":184,"column":33},"end":{"line":184,"column":null}}]},"11":{"loc":{"start":{"line":193,"column":11},"end":{"line":193,"column":null}},"type":"cond-expr","locations":[{"start":{"line":193,"column":36},"end":{"line":193,"column":51}},{"start":{"line":193,"column":51},"end":{"line":193,"column":null}}]},"12":{"loc":{"start":{"line":193,"column":11},"end":{"line":193,"column":36}},"type":"binary-expr","locations":[{"start":{"line":193,"column":11},"end":{"line":193,"column":24}},{"start":{"line":193,"column":24},"end":{"line":193,"column":36}}]}},"s":{"0":1,"1":1,"2":0,"3":0,"4":0,"5":0,"6":0,"7":0,"8":0,"9":0,"10":0,"11":0,"12":0,"13":0,"14":0,"15":0,"16":0,"17":0,"18":0,"19":0,"20":0,"21":0,"22":0,"23":0,"24":0,"25":0},"f":{"0":0,"1":0,"2":0,"3":0,"4":0,"5":0},"b":{"0":[0,0],"1":[0,0],"2":[0,0],"3":[0,0],"4":[0,0],"5":[0,0],"6":[0,0],"7":[0,0],"8":[0,0],"9":[0,0],"10":[0,0],"11":[0,0],"12":[0,0]}}
,"/Users/rodrigue/Desktop/Projects/e-commerce-lydia-32-fn/src/Components/footer.tsx": {"path":"/Users/rodrigue/Desktop/Projects/e-commerce-lydia-32-fn/src/Components/footer.tsx","statementMap":{"0":{"start":{"line":4,"column":25},"end":{"line":63,"column":null}},"1":{"start":{"line":5,"column":2},"end":{"line":61,"column":null}}},"fnMap":{"0":{"name":"(anonymous_0)","decl":{"start":{"line":4,"column":25},"end":{"line":4,"column":31}},"loc":{"start":{"line":4,"column":31},"end":{"line":63,"column":null}}}},"branchMap":{},"s":{"0":1,"1":4},"f":{"0":4},"b":{}}
,"/Users/rodrigue/Desktop/Projects/e-commerce-lydia-32-fn/src/Components/navbar.tsx": {"path":"/Users/rodrigue/Desktop/Projects/e-commerce-lydia-32-fn/src/Components/navbar.tsx","statementMap":{"0":{"start":{"line":19,"column":38},"end":{"line":313,"column":null}},"1":{"start":{"line":20,"column":2},"end":{"line":20,"column":null}},"2":{"start":{"line":21,"column":19},"end":{"line":21,"column":null}},"3":{"start":{"line":23,"column":52},"end":{"line":23,"column":null}},"4":{"start":{"line":24,"column":38},"end":{"line":24,"column":null}},"5":{"start":{"line":25,"column":46},"end":{"line":25,"column":null}},"6":{"start":{"line":26,"column":23},"end":{"line":26,"column":null}},"7":{"start":{"line":26,"column":51},"end":{"line":26,"column":61}},"8":{"start":{"line":27,"column":25},"end":{"line":27,"column":null}},"9":{"start":{"line":28,"column":36},"end":{"line":28,"column":null}},"10":{"start":{"line":29,"column":19},"end":{"line":29,"column":null}},"11":{"start":{"line":30,"column":19},"end":{"line":30,"column":null}},"12":{"start":{"line":31,"column":34},"end":{"line":31,"column":null}},"13":{"start":{"line":32,"column":19},"end":{"line":32,"column":null}},"14":{"start":{"line":34,"column":21},"end":{"line":37,"column":null}},"15":{"start":{"line":35,"column":4},"end":{"line":35,"column":null}},"16":{"start":{"line":36,"column":4},"end":{"line":36,"column":null}},"17":{"start":{"line":39,"column":2},"end":{"line":43,"column":null}},"18":{"start":{"line":40,"column":4},"end":{"line":42,"column":null}},"19":{"start":{"line":41,"column":6},"end":{"line":41,"column":null}},"20":{"start":{"line":45,"column":2},"end":{"line":47,"column":null}},"21":{"start":{"line":46,"column":4},"end":{"line":46,"column":null}},"22":{"start":{"line":49,"column":52},"end":{"line":49,"column":null}},"23":{"start":{"line":51,"column":2},"end":{"line":56,"column":null}},"24":{"start":{"line":52,"column":4},"end":{"line":55,"column":null}},"25":{"start":{"line":53,"column":6},"end":{"line":53,"column":null}},"26":{"start":{"line":54,"column":6},"end":{"line":54,"column":null}},"27":{"start":{"line":58,"column":30},"end":{"line":60,"column":null}},"28":{"start":{"line":59,"column":68},"end":{"line":59,"column":92}},"29":{"start":{"line":62,"column":25},"end":{"line":64,"column":null}},"30":{"start":{"line":63,"column":4},"end":{"line":63,"column":null}},"31":{"start":{"line":66,"column":34},"end":{"line":68,"column":null}},"32":{"start":{"line":67,"column":4},"end":{"line":67,"column":null}},"33":{"start":{"line":67,"column":33},"end":{"line":67,"column":38}},"34":{"start":{"line":70,"column":29},"end":{"line":72,"column":null}},"35":{"start":{"line":71,"column":4},"end":{"line":71,"column":null}},"36":{"start":{"line":74,"column":23},"end":{"line":96,"column":null}},"37":{"start":{"line":75,"column":4},"end":{"line":75,"column":null}},"38":{"start":{"line":76,"column":4},"end":{"line":76,"column":null}},"39":{"start":{"line":77,"column":4},"end":{"line":95,"column":null}},"40":{"start":{"line":78,"column":6},"end":{"line":78,"column":null}},"41":{"start":{"line":79,"column":6},"end":{"line":79,"column":null}},"42":{"start":{"line":80,"column":6},"end":{"line":80,"column":null}},"43":{"start":{"line":81,"column":6},"end":{"line":81,"column":null}},"44":{"start":{"line":82,"column":6},"end":{"line":82,"column":null}},"45":{"start":{"line":84,"column":6},"end":{"line":92,"column":null}},"46":{"start":{"line":85,"column":8},"end":{"line":85,"column":null}},"47":{"start":{"line":86,"column":6},"end":{"line":92,"column":null}},"48":{"start":{"line":87,"column":8},"end":{"line":87,"column":null}},"49":{"start":{"line":88,"column":6},"end":{"line":92,"column":null}},"50":{"start":{"line":89,"column":8},"end":{"line":89,"column":null}},"51":{"start":{"line":91,"column":8},"end":{"line":91,"column":null}},"52":{"start":{"line":94,"column":6},"end":{"line":94,"column":null}},"53":{"start":{"line":98,"column":2},"end":{"line":100,"column":null}},"54":{"start":{"line":99,"column":4},"end":{"line":99,"column":null}},"55":{"start":{"line":102,"column":23},"end":{"line":105,"column":null}},"56":{"start":{"line":107,"column":18},"end":{"line":107,"column":null}},"57":{"start":{"line":108,"column":19},"end":{"line":108,"column":null}},"58":{"start":{"line":110,"column":2},"end":{"line":311,"column":null}},"59":{"start":{"line":268,"column":41},"end":{"line":268,"column":63}}},"fnMap":{"0":{"name":"(anonymous_0)","decl":{"start":{"line":19,"column":38},"end":{"line":19,"column":39}},"loc":{"start":{"line":19,"column":62},"end":{"line":313,"column":null}}},"1":{"name":"(anonymous_1)","decl":{"start":{"line":26,"column":35},"end":{"line":26,"column":36}},"loc":{"start":{"line":26,"column":51},"end":{"line":26,"column":61}}},"2":{"name":"(anonymous_2)","decl":{"start":{"line":34,"column":21},"end":{"line":34,"column":27}},"loc":{"start":{"line":34,"column":27},"end":{"line":37,"column":null}}},"3":{"name":"(anonymous_3)","decl":{"start":{"line":39,"column":12},"end":{"line":39,"column":18}},"loc":{"start":{"line":39,"column":18},"end":{"line":43,"column":5}}},"4":{"name":"(anonymous_4)","decl":{"start":{"line":40,"column":11},"end":{"line":40,"column":17}},"loc":{"start":{"line":40,"column":17},"end":{"line":42,"column":null}}},"5":{"name":"(anonymous_5)","decl":{"start":{"line":45,"column":12},"end":{"line":45,"column":18}},"loc":{"start":{"line":45,"column":18},"end":{"line":47,"column":5}}},"6":{"name":"(anonymous_6)","decl":{"start":{"line":51,"column":12},"end":{"line":51,"column":18}},"loc":{"start":{"line":51,"column":18},"end":{"line":56,"column":5}}},"7":{"name":"(anonymous_7)","decl":{"start":{"line":59,"column":50},"end":{"line":59,"column":51}},"loc":{"start":{"line":59,"column":68},"end":{"line":59,"column":92}}},"8":{"name":"(anonymous_8)","decl":{"start":{"line":62,"column":25},"end":{"line":62,"column":31}},"loc":{"start":{"line":62,"column":31},"end":{"line":64,"column":null}}},"9":{"name":"(anonymous_9)","decl":{"start":{"line":66,"column":34},"end":{"line":66,"column":40}},"loc":{"start":{"line":66,"column":40},"end":{"line":68,"column":null}}},"10":{"name":"(anonymous_10)","decl":{"start":{"line":67,"column":25},"end":{"line":67,"column":33}},"loc":{"start":{"line":67,"column":33},"end":{"line":67,"column":38}}},"11":{"name":"(anonymous_11)","decl":{"start":{"line":70,"column":29},"end":{"line":70,"column":35}},"loc":{"start":{"line":70,"column":35},"end":{"line":72,"column":null}}},"12":{"name":"(anonymous_12)","decl":{"start":{"line":74,"column":23},"end":{"line":74,"column":30}},"loc":{"start":{"line":74,"column":54},"end":{"line":96,"column":null}}},"13":{"name":"(anonymous_13)","decl":{"start":{"line":98,"column":12},"end":{"line":98,"column":18}},"loc":{"start":{"line":98,"column":18},"end":{"line":100,"column":5}}},"14":{"name":"(anonymous_14)","decl":{"start":{"line":268,"column":35},"end":{"line":268,"column":41}},"loc":{"start":{"line":268,"column":41},"end":{"line":268,"column":63}}}},"branchMap":{"0":{"loc":{"start":{"line":36,"column":35},"end":{"line":36,"column":null}},"type":"cond-expr","locations":[{"start":{"line":36,"column":48},"end":{"line":36,"column":57}},{"start":{"line":36,"column":57},"end":{"line":36,"column":null}}]},"1":{"loc":{"start":{"line":52,"column":4},"end":{"line":55,"column":null}},"type":"if","locations":[{"start":{"line":52,"column":4},"end":{"line":55,"column":null}},{"start":{},"end":{}}]},"2":{"loc":{"start":{"line":58,"column":30},"end":{"line":60,"column":null}},"type":"cond-expr","locations":[{"start":{"line":59,"column":6},"end":{"line":59,"column":null}},{"start":{"line":60,"column":6},"end":{"line":60,"column":null}}]},"3":{"loc":{"start":{"line":84,"column":6},"end":{"line":92,"column":null}},"type":"if","locations":[{"start":{"line":84,"column":6},"end":{"line":92,"column":null}},{"start":{"line":86,"column":6},"end":{"line":92,"column":null}}]},"4":{"loc":{"start":{"line":86,"column":6},"end":{"line":92,"column":null}},"type":"if","locations":[{"start":{"line":86,"column":6},"end":{"line":92,"column":null}},{"start":{"line":88,"column":6},"end":{"line":92,"column":null}}]},"5":{"loc":{"start":{"line":88,"column":6},"end":{"line":92,"column":null}},"type":"if","locations":[{"start":{"line":88,"column":6},"end":{"line":92,"column":null}},{"start":{"line":90,"column":13},"end":{"line":92,"column":null}}]},"6":{"loc":{"start":{"line":99,"column":16},"end":{"line":99,"column":40}},"type":"binary-expr","locations":[{"start":{"line":99,"column":16},"end":{"line":99,"column":39}},{"start":{"line":99,"column":39},"end":{"line":99,"column":40}}]},"7":{"loc":{"start":{"line":120,"column":15},"end":{"line":121,"column":null}},"type":"binary-expr","locations":[{"start":{"line":120,"column":15},"end":{"line":120,"column":null}},{"start":{"line":121,"column":16},"end":{"line":121,"column":null}}]},"8":{"loc":{"start":{"line":123,"column":15},"end":{"line":124,"column":null}},"type":"binary-expr","locations":[{"start":{"line":123,"column":15},"end":{"line":123,"column":null}},{"start":{"line":124,"column":16},"end":{"line":124,"column":null}}]},"9":{"loc":{"start":{"line":134,"column":17},"end":{"line":134,"column":null}},"type":"cond-expr","locations":[{"start":{"line":134,"column":30},"end":{"line":134,"column":50}},{"start":{"line":134,"column":50},"end":{"line":134,"column":null}}]},"10":{"loc":{"start":{"line":143,"column":15},"end":{"line":151,"column":null}},"type":"binary-expr","locations":[{"start":{"line":143,"column":15},"end":{"line":143,"column":null}},{"start":{"line":144,"column":16},"end":{"line":151,"column":null}}]},"11":{"loc":{"start":{"line":146,"column":19},"end":{"line":149,"column":null}},"type":"binary-expr","locations":[{"start":{"line":146,"column":19},"end":{"line":146,"column":null}},{"start":{"line":147,"column":20},"end":{"line":149,"column":null}}]},"12":{"loc":{"start":{"line":153,"column":15},"end":{"line":198,"column":null}},"type":"cond-expr","locations":[{"start":{"line":154,"column":16},"end":{"line":194,"column":null}},{"start":{"line":196,"column":16},"end":{"line":198,"column":null}}]},"13":{"loc":{"start":{"line":162,"column":19},"end":{"line":192,"column":null}},"type":"binary-expr","locations":[{"start":{"line":162,"column":19},"end":{"line":162,"column":null}},{"start":{"line":163,"column":20},"end":{"line":192,"column":null}}]},"14":{"loc":{"start":{"line":170,"column":23},"end":{"line":176,"column":null}},"type":"binary-expr","locations":[{"start":{"line":170,"column":23},"end":{"line":170,"column":null}},{"start":{"line":171,"column":24},"end":{"line":176,"column":null}}]},"15":{"loc":{"start":{"line":178,"column":23},"end":{"line":184,"column":null}},"type":"binary-expr","locations":[{"start":{"line":178,"column":23},"end":{"line":178,"column":null}},{"start":{"line":179,"column":24},"end":{"line":184,"column":null}}]},"16":{"loc":{"start":{"line":200,"column":15},"end":{"line":208,"column":null}},"type":"binary-expr","locations":[{"start":{"line":200,"column":15},"end":{"line":200,"column":null}},{"start":{"line":201,"column":16},"end":{"line":208,"column":null}}]},"17":{"loc":{"start":{"line":203,"column":19},"end":{"line":206,"column":null}},"type":"binary-expr","locations":[{"start":{"line":203,"column":19},"end":{"line":203,"column":null}},{"start":{"line":204,"column":20},"end":{"line":206,"column":null}}]},"18":{"loc":{"start":{"line":213,"column":15},"end":{"line":216,"column":null}},"type":"binary-expr","locations":[{"start":{"line":213,"column":15},"end":{"line":213,"column":null}},{"start":{"line":214,"column":16},"end":{"line":216,"column":null}}]},"19":{"loc":{"start":{"line":218,"column":15},"end":{"line":219,"column":null}},"type":"binary-expr","locations":[{"start":{"line":218,"column":15},"end":{"line":218,"column":null}},{"start":{"line":219,"column":16},"end":{"line":219,"column":null}}]},"20":{"loc":{"start":{"line":228,"column":15},"end":{"line":249,"column":null}},"type":"binary-expr","locations":[{"start":{"line":228,"column":15},"end":{"line":228,"column":null}},{"start":{"line":229,"column":16},"end":{"line":249,"column":null}}]},"21":{"loc":{"start":{"line":232,"column":21},"end":{"line":235,"column":null}},"type":"binary-expr","locations":[{"start":{"line":232,"column":21},"end":{"line":232,"column":null}},{"start":{"line":233,"column":22},"end":{"line":235,"column":null}}]},"22":{"loc":{"start":{"line":243,"column":21},"end":{"line":246,"column":null}},"type":"binary-expr","locations":[{"start":{"line":243,"column":21},"end":{"line":243,"column":null}},{"start":{"line":244,"column":22},"end":{"line":246,"column":null}}]},"23":{"loc":{"start":{"line":257,"column":11},"end":{"line":306,"column":null}},"type":"binary-expr","locations":[{"start":{"line":257,"column":11},"end":{"line":257,"column":null}},{"start":{"line":258,"column":12},"end":{"line":306,"column":null}}]},"24":{"loc":{"start":{"line":277,"column":21},"end":{"line":278,"column":null}},"type":"binary-expr","locations":[{"start":{"line":277,"column":21},"end":{"line":277,"column":null}},{"start":{"line":278,"column":22},"end":{"line":278,"column":null}}]},"25":{"loc":{"start":{"line":280,"column":21},"end":{"line":281,"column":null}},"type":"binary-expr","locations":[{"start":{"line":280,"column":21},"end":{"line":280,"column":null}},{"start":{"line":281,"column":22},"end":{"line":281,"column":null}}]},"26":{"loc":{"start":{"line":283,"column":21},"end":{"line":288,"column":null}},"type":"binary-expr","locations":[{"start":{"line":283,"column":21},"end":{"line":283,"column":null}},{"start":{"line":284,"column":22},"end":{"line":288,"column":null}}]},"27":{"loc":{"start":{"line":293,"column":19},"end":{"line":302,"column":null}},"type":"cond-expr","locations":[{"start":{"line":294,"column":20},"end":{"line":298,"column":null}},{"start":{"line":300,"column":20},"end":{"line":302,"column":null}}]},"28":{"loc":{"start":{"line":310,"column":7},"end":{"line":310,"column":null}},"type":"binary-expr","locations":[{"start":{"line":310,"column":7},"end":{"line":310,"column":28}},{"start":{"line":310,"column":28},"end":{"line":310,"column":null}}]}},"s":{"0":1,"1":12,"2":12,"3":12,"4":12,"5":12,"6":12,"7":16,"8":12,"9":12,"10":12,"11":12,"12":12,"13":12,"14":12,"15":0,"16":0,"17":12,"18":4,"19":4,"20":12,"21":4,"22":12,"23":12,"24":4,"25":0,"26":0,"27":12,"28":0,"29":12,"30":0,"31":12,"32":0,"33":0,"34":12,"35":0,"36":12,"37":0,"38":0,"39":0,"40":0,"41":0,"42":0,"43":0,"44":0,"45":0,"46":0,"47":0,"48":0,"49":0,"50":0,"51":0,"52":0,"53":12,"54":4,"55":12,"56":12,"57":12,"58":12,"59":0},"f":{"0":12,"1":16,"2":0,"3":4,"4":4,"5":4,"6":4,"7":0,"8":0,"9":0,"10":0,"11":0,"12":0,"13":4,"14":0},"b":{"0":[0,0],"1":[0,4],"2":[0,12],"3":[0,0],"4":[0,0],"5":[0,0],"6":[4,4],"7":[12,0],"8":[12,0],"9":[0,12],"10":[12,0],"11":[0,0],"12":[0,12],"13":[0,0],"14":[0,0],"15":[0,0],"16":[12,0],"17":[0,0],"18":[12,0],"19":[12,0],"20":[12,0],"21":[0,0],"22":[0,0],"23":[12,0],"24":[0,0],"25":[0,0],"26":[0,0],"27":[0,0],"28":[12,0]}}
,"/Users/rodrigue/Desktop/Projects/e-commerce-lydia-32-fn/src/Components/product.tsx": {"path":"/Users/rodrigue/Desktop/Projects/e-commerce-lydia-32-fn/src/Components/product.tsx","statementMap":{"0":{"start":{"line":15,"column":48},"end":{"line":50,"column":null}},"1":{"start":{"line":16,"column":2},"end":{"line":48,"column":null}}},"fnMap":{"0":{"name":"(anonymous_0)","decl":{"start":{"line":15,"column":48},"end":{"line":15,"column":49}},"loc":{"start":{"line":15,"column":65},"end":{"line":50,"column":null}}}},"branchMap":{"0":{"loc":{"start":{"line":33,"column":3},"end":{"line":33,"column":null}},"type":"binary-expr","locations":[{"start":{"line":33,"column":3},"end":{"line":33,"column":26}},{"start":{"line":33,"column":26},"end":{"line":33,"column":null}}]}},"s":{"0":2,"1":5},"f":{"0":5},"b":{"0":[5,0]}}
,"/Users/rodrigue/Desktop/Projects/e-commerce-lydia-32-fn/src/Components/search.tsx": {"path":"/Users/rodrigue/Desktop/Projects/e-commerce-lydia-32-fn/src/Components/search.tsx","statementMap":{"0":{"start":{"line":15,"column":23},"end":{"line":15,"column":null}},"1":{"start":{"line":17,"column":38},"end":{"line":214,"column":null}},"2":{"start":{"line":18,"column":21},"end":{"line":34,"column":null}},"3":{"start":{"line":36,"column":19},"end":{"line":36,"column":null}},"4":{"start":{"line":37,"column":55},"end":{"line":37,"column":null}},"5":{"start":{"line":37,"column":89},"end":{"line":37,"column":101}},"6":{"start":{"line":39,"column":48},"end":{"line":39,"column":null}},"7":{"start":{"line":40,"column":44},"end":{"line":40,"column":null}},"8":{"start":{"line":41,"column":44},"end":{"line":41,"column":null}},"9":{"start":{"line":42,"column":44},"end":{"line":42,"column":null}},"10":{"start":{"line":43,"column":42},"end":{"line":43,"column":null}},"11":{"start":{"line":44,"column":40},"end":{"line":44,"column":null}},"12":{"start":{"line":45,"column":50},"end":{"line":45,"column":null}},"13":{"start":{"line":46,"column":38},"end":{"line":46,"column":null}},"14":{"start":{"line":47,"column":38},"end":{"line":47,"column":null}},"15":{"start":{"line":48,"column":40},"end":{"line":48,"column":null}},"16":{"start":{"line":50,"column":19},"end":{"line":50,"column":null}},"17":{"start":{"line":52,"column":61},"end":{"line":57,"column":null}},"18":{"start":{"line":59,"column":2},"end":{"line":63,"column":null}},"19":{"start":{"line":60,"column":4},"end":{"line":62,"column":null}},"20":{"start":{"line":61,"column":6},"end":{"line":61,"column":null}},"21":{"start":{"line":65,"column":2},"end":{"line":73,"column":null}},"22":{"start":{"line":66,"column":4},"end":{"line":72,"column":null}},"23":{"start":{"line":67,"column":6},"end":{"line":67,"column":null}},"24":{"start":{"line":68,"column":6},"end":{"line":68,"column":null}},"25":{"start":{"line":69,"column":6},"end":{"line":69,"column":null}},"26":{"start":{"line":70,"column":6},"end":{"line":70,"column":null}},"27":{"start":{"line":71,"column":6},"end":{"line":71,"column":null}},"28":{"start":{"line":75,"column":23},"end":{"line":99,"column":null}},"29":{"start":{"line":76,"column":4},"end":{"line":76,"column":null}},"30":{"start":{"line":77,"column":4},"end":{"line":77,"column":null}},"31":{"start":{"line":78,"column":4},"end":{"line":78,"column":null}},"32":{"start":{"line":79,"column":4},"end":{"line":79,"column":null}},"33":{"start":{"line":81,"column":40},"end":{"line":81,"column":null}},"34":{"start":{"line":83,"column":4},"end":{"line":83,"column":null}},"35":{"start":{"line":83,"column":25},"end":{"line":83,"column":null}},"36":{"start":{"line":84,"column":4},"end":{"line":84,"column":null}},"37":{"start":{"line":84,"column":23},"end":{"line":84,"column":null}},"38":{"start":{"line":85,"column":4},"end":{"line":85,"column":null}},"39":{"start":{"line":85,"column":23},"end":{"line":85,"column":null}},"40":{"start":{"line":86,"column":4},"end":{"line":86,"column":null}},"41":{"start":{"line":86,"column":23},"end":{"line":86,"column":null}},"42":{"start":{"line":88,"column":4},"end":{"line":98,"column":null}},"43":{"start":{"line":89,"column":6},"end":{"line":89,"column":null}},"44":{"start":{"line":90,"column":6},"end":{"line":90,"column":null}},"45":{"start":{"line":91,"column":6},"end":{"line":91,"column":null}},"46":{"start":{"line":92,"column":6},"end":{"line":92,"column":null}},"47":{"start":{"line":94,"column":6},"end":{"line":94,"column":null}},"48":{"start":{"line":96,"column":6},"end":{"line":96,"column":null}},"49":{"start":{"line":97,"column":6},"end":{"line":97,"column":null}},"50":{"start":{"line":101,"column":22},"end":{"line":110,"column":null}},"51":{"start":{"line":102,"column":4},"end":{"line":102,"column":null}},"52":{"start":{"line":103,"column":4},"end":{"line":103,"column":null}},"53":{"start":{"line":104,"column":4},"end":{"line":104,"column":null}},"54":{"start":{"line":105,"column":4},"end":{"line":105,"column":null}},"55":{"start":{"line":106,"column":4},"end":{"line":106,"column":null}},"56":{"start":{"line":107,"column":4},"end":{"line":107,"column":null}},"57":{"start":{"line":108,"column":4},"end":{"line":108,"column":null}},"58":{"start":{"line":109,"column":4},"end":{"line":109,"column":null}},"59":{"start":{"line":112,"column":27},"end":{"line":114,"column":null}},"60":{"start":{"line":113,"column":4},"end":{"line":113,"column":null}},"61":{"start":{"line":116,"column":2},"end":{"line":212,"column":null}},"62":{"start":{"line":124,"column":29},"end":{"line":124,"column":null}},"63":{"start":{"line":131,"column":29},"end":{"line":131,"column":null}},"64":{"start":{"line":136,"column":14},"end":{"line":138,"column":null}},"65":{"start":{"line":146,"column":29},"end":{"line":146,"column":null}},"66":{"start":{"line":153,"column":29},"end":{"line":153,"column":null}},"67":{"start":{"line":187,"column":16},"end":{"line":187,"column":null}},"68":{"start":{"line":192,"column":31},"end":{"line":192,"column":null}},"69":{"start":{"line":200,"column":31},"end":{"line":200,"column":null}}},"fnMap":{"0":{"name":"(anonymous_0)","decl":{"start":{"line":17,"column":38},"end":{"line":17,"column":39}},"loc":{"start":{"line":17,"column":66},"end":{"line":214,"column":null}}},"1":{"name":"(anonymous_1)","decl":{"start":{"line":37,"column":67},"end":{"line":37,"column":68}},"loc":{"start":{"line":37,"column":89},"end":{"line":37,"column":101}}},"2":{"name":"(anonymous_2)","decl":{"start":{"line":59,"column":12},"end":{"line":59,"column":18}},"loc":{"start":{"line":59,"column":18},"end":{"line":63,"column":5}}},"3":{"name":"(anonymous_3)","decl":{"start":{"line":65,"column":12},"end":{"line":65,"column":18}},"loc":{"start":{"line":65,"column":18},"end":{"line":73,"column":5}}},"4":{"name":"(anonymous_4)","decl":{"start":{"line":75,"column":23},"end":{"line":75,"column":24}},"loc":{"start":{"line":75,"column":47},"end":{"line":99,"column":null}}},"5":{"name":"(anonymous_5)","decl":{"start":{"line":101,"column":22},"end":{"line":101,"column":28}},"loc":{"start":{"line":101,"column":28},"end":{"line":110,"column":null}}},"6":{"name":"(anonymous_6)","decl":{"start":{"line":112,"column":27},"end":{"line":112,"column":28}},"loc":{"start":{"line":112,"column":48},"end":{"line":114,"column":null}}},"7":{"name":"(anonymous_7)","decl":{"start":{"line":124,"column":22},"end":{"line":124,"column":23}},"loc":{"start":{"line":124,"column":29},"end":{"line":124,"column":null}}},"8":{"name":"(anonymous_8)","decl":{"start":{"line":131,"column":22},"end":{"line":131,"column":23}},"loc":{"start":{"line":131,"column":29},"end":{"line":131,"column":null}}},"9":{"name":"(anonymous_9)","decl":{"start":{"line":135,"column":28},"end":{"line":135,"column":29}},"loc":{"start":{"line":136,"column":14},"end":{"line":138,"column":null}}},"10":{"name":"(anonymous_10)","decl":{"start":{"line":146,"column":22},"end":{"line":146,"column":23}},"loc":{"start":{"line":146,"column":29},"end":{"line":146,"column":null}}},"11":{"name":"(anonymous_11)","decl":{"start":{"line":153,"column":22},"end":{"line":153,"column":23}},"loc":{"start":{"line":153,"column":29},"end":{"line":153,"column":null}}},"12":{"name":"(anonymous_12)","decl":{"start":{"line":186,"column":36},"end":{"line":186,"column":37}},"loc":{"start":{"line":187,"column":16},"end":{"line":187,"column":null}}},"13":{"name":"(anonymous_13)","decl":{"start":{"line":192,"column":25},"end":{"line":192,"column":31}},"loc":{"start":{"line":192,"column":31},"end":{"line":192,"column":null}}},"14":{"name":"(anonymous_14)","decl":{"start":{"line":200,"column":25},"end":{"line":200,"column":31}},"loc":{"start":{"line":200,"column":31},"end":{"line":200,"column":null}}}},"branchMap":{"0":{"loc":{"start":{"line":60,"column":4},"end":{"line":62,"column":null}},"type":"if","locations":[{"start":{"line":60,"column":4},"end":{"line":62,"column":null}},{"start":{},"end":{}}]},"1":{"loc":{"start":{"line":60,"column":8},"end":{"line":60,"column":39}},"type":"binary-expr","locations":[{"start":{"line":60,"column":8},"end":{"line":60,"column":21}},{"start":{"line":60,"column":21},"end":{"line":60,"column":39}}]},"2":{"loc":{"start":{"line":66,"column":4},"end":{"line":72,"column":null}},"type":"if","locations":[{"start":{"line":66,"column":4},"end":{"line":72,"column":null}},{"start":{},"end":{}}]},"3":{"loc":{"start":{"line":83,"column":4},"end":{"line":83,"column":null}},"type":"if","locations":[{"start":{"line":83,"column":4},"end":{"line":83,"column":null}},{"start":{},"end":{}}]},"4":{"loc":{"start":{"line":84,"column":4},"end":{"line":84,"column":null}},"type":"if","locations":[{"start":{"line":84,"column":4},"end":{"line":84,"column":null}},{"start":{},"end":{}}]},"5":{"loc":{"start":{"line":85,"column":4},"end":{"line":85,"column":null}},"type":"if","locations":[{"start":{"line":85,"column":4},"end":{"line":85,"column":null}},{"start":{},"end":{}}]},"6":{"loc":{"start":{"line":86,"column":4},"end":{"line":86,"column":null}},"type":"if","locations":[{"start":{"line":86,"column":4},"end":{"line":86,"column":null}},{"start":{},"end":{}}]},"7":{"loc":{"start":{"line":88,"column":4},"end":{"line":98,"column":null}},"type":"if","locations":[{"start":{"line":88,"column":4},"end":{"line":98,"column":null}},{"start":{"line":95,"column":11},"end":{"line":98,"column":null}}]},"8":{"loc":{"start":{"line":90,"column":27},"end":{"line":90,"column":68}},"type":"cond-expr","locations":[{"start":{"line":90,"column":43},"end":{"line":90,"column":67}},{"start":{"line":90,"column":67},"end":{"line":90,"column":68}}]},"9":{"loc":{"start":{"line":91,"column":27},"end":{"line":91,"column":68}},"type":"cond-expr","locations":[{"start":{"line":91,"column":43},"end":{"line":91,"column":67}},{"start":{"line":91,"column":67},"end":{"line":91,"column":68}}]},"10":{"loc":{"start":{"line":172,"column":7},"end":{"line":209,"column":null}},"type":"cond-expr","locations":[{"start":{"line":173,"column":8},"end":{"line":175,"column":null}},{"start":{"line":176,"column":10},"end":{"line":209,"column":null}}]},"11":{"loc":{"start":{"line":172,"column":7},"end":{"line":172,"column":null}},"type":"binary-expr","locations":[{"start":{"line":172,"column":7},"end":{"line":172,"column":20}},{"start":{"line":172,"column":20},"end":{"line":172,"column":null}}]},"12":{"loc":{"start":{"line":176,"column":10},"end":{"line":209,"column":null}},"type":"cond-expr","locations":[{"start":{"line":177,"column":8},"end":{"line":181,"column":null}},{"start":{"line":183,"column":8},"end":{"line":209,"column":null}}]},"13":{"loc":{"start":{"line":176,"column":10},"end":{"line":176,"column":null}},"type":"binary-expr","locations":[{"start":{"line":176,"column":10},"end":{"line":176,"column":21}},{"start":{"line":176,"column":21},"end":{"line":176,"column":null}}]},"14":{"loc":{"start":{"line":178,"column":10},"end":{"line":180,"column":null}},"type":"cond-expr","locations":[{"start":{"line":179,"column":14},"end":{"line":179,"column":null}},{"start":{"line":180,"column":14},"end":{"line":180,"column":null}}]},"15":{"loc":{"start":{"line":178,"column":10},"end":{"line":178,"column":null}},"type":"binary-expr","locations":[{"start":{"line":178,"column":10},"end":{"line":178,"column":39}},{"start":{"line":178,"column":39},"end":{"line":178,"column":57}},{"start":{"line":178,"column":57},"end":{"line":178,"column":null}}]},"16":{"loc":{"start":{"line":183,"column":8},"end":{"line":209,"column":null}},"type":"cond-expr","locations":[{"start":{"line":184,"column":10},"end":{"line":207,"column":null}},{"start":{"line":209,"column":10},"end":{"line":209,"column":null}}]}},"s":{"0":2,"1":2,"2":21,"3":21,"4":21,"5":31,"6":21,"7":21,"8":21,"9":21,"10":21,"11":21,"12":21,"13":21,"14":21,"15":21,"16":21,"17":21,"18":21,"19":6,"20":6,"21":21,"22":6,"23":6,"24":6,"25":6,"26":6,"27":6,"28":21,"29":2,"30":2,"31":2,"32":2,"33":2,"34":2,"35":1,"36":2,"37":1,"38":2,"39":1,"40":2,"41":1,"42":2,"43":1,"44":1,"45":1,"46":1,"47":1,"48":1,"49":1,"50":21,"51":0,"52":0,"53":0,"54":0,"55":0,"56":0,"57":0,"58":0,"59":21,"60":0,"61":21,"62":2,"63":1,"64":315,"65":2,"66":2,"67":84,"68":0,"69":0},"f":{"0":21,"1":31,"2":6,"3":6,"4":2,"5":0,"6":0,"7":2,"8":1,"9":315,"10":2,"11":2,"12":84,"13":0,"14":0},"b":{"0":[6,0],"1":[6,6],"2":[6,0],"3":[1,1],"4":[1,1],"5":[1,1],"6":[1,1],"7":[1,1],"8":[1,0],"9":[1,0],"10":[1,20],"11":[21,21],"12":[0,20],"13":[20,0],"14":[0,0],"15":[0,0,0],"16":[12,8]}}
,"/Users/rodrigue/Desktop/Projects/e-commerce-lydia-32-fn/src/Components/wishlistEmpty.tsx": {"path":"/Users/rodrigue/Desktop/Projects/e-commerce-lydia-32-fn/src/Components/wishlistEmpty.tsx","statementMap":{"0":{"start":{"line":1,"column":22},"end":{"line":10,"column":null}},"1":{"start":{"line":2,"column":2},"end":{"line":8,"column":null}}},"fnMap":{"0":{"name":"(anonymous_0)","decl":{"start":{"line":1,"column":22},"end":{"line":1,"column":28}},"loc":{"start":{"line":1,"column":28},"end":{"line":10,"column":null}}}},"branchMap":{},"s":{"0":1,"1":0},"f":{"0":0},"b":{}}
,"/Users/rodrigue/Desktop/Projects/e-commerce-lydia-32-fn/src/Components/admin/Header.tsx": {"path":"/Users/rodrigue/Desktop/Projects/e-commerce-lydia-32-fn/src/Components/admin/Header.tsx","statementMap":{"0":{"start":{"line":10,"column":38},"end":{"line":26,"column":null}},"1":{"start":{"line":11,"column":21},"end":{"line":11,"column":null}},"2":{"start":{"line":11,"column":49},"end":{"line":11,"column":59}},"3":{"start":{"line":12,"column":2},"end":{"line":24,"column":null}}},"fnMap":{"0":{"name":"(anonymous_0)","decl":{"start":{"line":10,"column":38},"end":{"line":10,"column":39}},"loc":{"start":{"line":10,"column":61},"end":{"line":26,"column":null}}},"1":{"name":"(anonymous_1)","decl":{"start":{"line":11,"column":33},"end":{"line":11,"column":34}},"loc":{"start":{"line":11,"column":49},"end":{"line":11,"column":59}}}},"branchMap":{"0":{"loc":{"start":{"line":21,"column":32},"end":{"line":21,"column":68}},"type":"binary-expr","locations":[{"start":{"line":21,"column":32},"end":{"line":21,"column":44}},{"start":{"line":21,"column":44},"end":{"line":21,"column":68}}]}},"s":{"0":1,"1":0,"2":0,"3":0},"f":{"0":0,"1":0},"b":{"0":[0,0]}}
,"/Users/rodrigue/Desktop/Projects/e-commerce-lydia-32-fn/src/Components/admin/MainContent.tsx": {"path":"/Users/rodrigue/Desktop/Projects/e-commerce-lydia-32-fn/src/Components/admin/MainContent.tsx","statementMap":{"0":{"start":{"line":10,"column":30},"end":{"line":51,"column":null}},"1":{"start":{"line":11,"column":36},"end":{"line":11,"column":null}},"2":{"start":{"line":13,"column":58},"end":{"line":13,"column":null}},"3":{"start":{"line":15,"column":21},"end":{"line":15,"column":null}},"4":{"start":{"line":15,"column":66},"end":{"line":15,"column":89}},"5":{"start":{"line":17,"column":2},"end":{"line":22,"column":null}},"6":{"start":{"line":18,"column":4},"end":{"line":21,"column":null}},"7":{"start":{"line":19,"column":20},"end":{"line":19,"column":null}},"8":{"start":{"line":19,"column":37},"end":{"line":19,"column":69}},"9":{"start":{"line":19,"column":58},"end":{"line":19,"column":66}},"10":{"start":{"line":20,"column":6},"end":{"line":20,"column":null}},"11":{"start":{"line":20,"column":19},"end":{"line":20,"column":null}},"12":{"start":{"line":24,"column":2},"end":{"line":24,"column":null}},"13":{"start":{"line":24,"column":23},"end":{"line":24,"column":null}},"14":{"start":{"line":26,"column":2},"end":{"line":49,"column":null}}},"fnMap":{"0":{"name":"(anonymous_0)","decl":{"start":{"line":10,"column":30},"end":{"line":10,"column":36}},"loc":{"start":{"line":10,"column":36},"end":{"line":51,"column":null}}},"1":{"name":"(anonymous_1)","decl":{"start":{"line":15,"column":50},"end":{"line":15,"column":51}},"loc":{"start":{"line":15,"column":66},"end":{"line":15,"column":89}}},"2":{"name":"(anonymous_2)","decl":{"start":{"line":17,"column":12},"end":{"line":17,"column":18}},"loc":{"start":{"line":17,"column":18},"end":{"line":22,"column":5}}},"3":{"name":"(anonymous_3)","decl":{"start":{"line":19,"column":31},"end":{"line":19,"column":37}},"loc":{"start":{"line":19,"column":37},"end":{"line":19,"column":69}}},"4":{"name":"(anonymous_4)","decl":{"start":{"line":19,"column":50},"end":{"line":19,"column":58}},"loc":{"start":{"line":19,"column":58},"end":{"line":19,"column":66}}},"5":{"name":"(anonymous_5)","decl":{"start":{"line":20,"column":13},"end":{"line":20,"column":19}},"loc":{"start":{"line":20,"column":19},"end":{"line":20,"column":null}}}},"branchMap":{"0":{"loc":{"start":{"line":15,"column":21},"end":{"line":15,"column":null}},"type":"binary-expr","locations":[{"start":{"line":15,"column":21},"end":{"line":15,"column":94}},{"start":{"line":15,"column":94},"end":{"line":15,"column":null}}]},"1":{"loc":{"start":{"line":18,"column":4},"end":{"line":21,"column":null}},"type":"if","locations":[{"start":{"line":18,"column":4},"end":{"line":21,"column":null}},{"start":{},"end":{}}]},"2":{"loc":{"start":{"line":18,"column":8},"end":{"line":18,"column":43}},"type":"binary-expr","locations":[{"start":{"line":18,"column":8},"end":{"line":18,"column":28}},{"start":{"line":18,"column":28},"end":{"line":18,"column":43}}]},"3":{"loc":{"start":{"line":24,"column":2},"end":{"line":24,"column":null}},"type":"if","locations":[{"start":{"line":24,"column":2},"end":{"line":24,"column":null}},{"start":{},"end":{}}]},"4":{"loc":{"start":{"line":30,"column":68},"end":{"line":30,"column":102}},"type":"binary-expr","locations":[{"start":{"line":30,"column":68},"end":{"line":30,"column":100}},{"start":{"line":30,"column":100},"end":{"line":30,"column":102}}]},"5":{"loc":{"start":{"line":33,"column":7},"end":{"line":37,"column":null}},"type":"binary-expr","locations":[{"start":{"line":33,"column":7},"end":{"line":33,"column":null}},{"start":{"line":34,"column":8},"end":{"line":37,"column":null}}]},"6":{"loc":{"start":{"line":40,"column":7},"end":{"line":40,"column":null}},"type":"binary-expr","locations":[{"start":{"line":40,"column":7},"end":{"line":40,"column":25}},{"start":{"line":40,"column":25},"end":{"line":40,"column":null}}]},"7":{"loc":{"start":{"line":42,"column":7},"end":{"line":42,"column":null}},"type":"binary-expr","locations":[{"start":{"line":42,"column":7},"end":{"line":42,"column":25}},{"start":{"line":42,"column":25},"end":{"line":42,"column":null}}]},"8":{"loc":{"start":{"line":44,"column":7},"end":{"line":47,"column":null}},"type":"binary-expr","locations":[{"start":{"line":44,"column":7},"end":{"line":44,"column":null}},{"start":{"line":45,"column":8},"end":{"line":47,"column":null}}]}},"s":{"0":1,"1":0,"2":0,"3":0,"4":0,"5":0,"6":0,"7":0,"8":0,"9":0,"10":0,"11":0,"12":0,"13":0,"14":0},"f":{"0":0,"1":0,"2":0,"3":0,"4":0,"5":0},"b":{"0":[0,0],"1":[0,0],"2":[0,0],"3":[0,0],"4":[0,0],"5":[0,0],"6":[0,0],"7":[0,0],"8":[0,0]}}
,"/Users/rodrigue/Desktop/Projects/e-commerce-lydia-32-fn/src/Components/admin/Permissions.tsx": {"path":"/Users/rodrigue/Desktop/Projects/e-commerce-lydia-32-fn/src/Components/admin/Permissions.tsx","statementMap":{"0":{"start":{"line":8,"column":30},"end":{"line":79,"column":null}},"1":{"start":{"line":10,"column":19},"end":{"line":10,"column":null}},"2":{"start":{"line":13,"column":48},"end":{"line":13,"column":null}},"3":{"start":{"line":14,"column":28},"end":{"line":14,"column":null}},"4":{"start":{"line":15,"column":36},"end":{"line":15,"column":null}},"5":{"start":{"line":17,"column":0},"end":{"line":31,"column":null}},"6":{"start":{"line":18,"column":21},"end":{"line":29,"column":null}},"7":{"start":{"line":19,"column":4},"end":{"line":19,"column":null}},"8":{"start":{"line":20,"column":4},"end":{"line":28,"column":null}},"9":{"start":{"line":21,"column":6},"end":{"line":23,"column":null}},"10":{"start":{"line":22,"column":8},"end":{"line":22,"column":null}},"11":{"start":{"line":25,"column":6},"end":{"line":25,"column":null}},"12":{"start":{"line":27,"column":6},"end":{"line":27,"column":null}},"13":{"start":{"line":30,"column":2},"end":{"line":30,"column":null}},"14":{"start":{"line":33,"column":0},"end":{"line":35,"column":null}},"15":{"start":{"line":34,"column":2},"end":{"line":34,"column":null}},"16":{"start":{"line":37,"column":0},"end":{"line":37,"column":null}},"17":{"start":{"line":37,"column":32},"end":{"line":37,"column":null}},"18":{"start":{"line":38,"column":0},"end":{"line":38,"column":null}},"19":{"start":{"line":38,"column":10},"end":{"line":38,"column":null}},"20":{"start":{"line":40,"column":31},"end":{"line":50,"column":null}},"21":{"start":{"line":41,"column":2},"end":{"line":41,"column":null}},"22":{"start":{"line":42,"column":2},"end":{"line":49,"column":null}},"23":{"start":{"line":43,"column":4},"end":{"line":43,"column":null}},"24":{"start":{"line":44,"column":4},"end":{"line":44,"column":null}},"25":{"start":{"line":46,"column":4},"end":{"line":46,"column":null}},"26":{"start":{"line":48,"column":4},"end":{"line":48,"column":null}},"27":{"start":{"line":52,"column":6},"end":{"line":77,"column":null}},"28":{"start":{"line":65,"column":16},"end":{"line":73,"column":null}},"29":{"start":{"line":69,"column":43},"end":{"line":69,"column":82}}},"fnMap":{"0":{"name":"(anonymous_0)","decl":{"start":{"line":8,"column":30},"end":{"line":8,"column":36}},"loc":{"start":{"line":8,"column":36},"end":{"line":79,"column":null}}},"1":{"name":"(anonymous_1)","decl":{"start":{"line":17,"column":10},"end":{"line":17,"column":16}},"loc":{"start":{"line":17,"column":16},"end":{"line":31,"column":3}}},"2":{"name":"(anonymous_2)","decl":{"start":{"line":18,"column":21},"end":{"line":18,"column":32}},"loc":{"start":{"line":18,"column":32},"end":{"line":29,"column":null}}},"3":{"name":"(anonymous_3)","decl":{"start":{"line":33,"column":10},"end":{"line":33,"column":16}},"loc":{"start":{"line":33,"column":16},"end":{"line":35,"column":3}}},"4":{"name":"(anonymous_4)","decl":{"start":{"line":40,"column":31},"end":{"line":40,"column":38}},"loc":{"start":{"line":40,"column":50},"end":{"line":50,"column":null}}},"5":{"name":"(anonymous_5)","decl":{"start":{"line":64,"column":74},"end":{"line":64,"column":75}},"loc":{"start":{"line":65,"column":16},"end":{"line":73,"column":null}}},"6":{"name":"(anonymous_6)","decl":{"start":{"line":69,"column":37},"end":{"line":69,"column":43}},"loc":{"start":{"line":69,"column":43},"end":{"line":69,"column":82}}}},"branchMap":{"0":{"loc":{"start":{"line":21,"column":6},"end":{"line":23,"column":null}},"type":"if","locations":[{"start":{"line":21,"column":6},"end":{"line":23,"column":null}},{"start":{},"end":{}}]},"1":{"loc":{"start":{"line":37,"column":0},"end":{"line":37,"column":null}},"type":"if","locations":[{"start":{"line":37,"column":0},"end":{"line":37,"column":null}},{"start":{},"end":{}}]},"2":{"loc":{"start":{"line":37,"column":3},"end":{"line":37,"column":32}},"type":"binary-expr","locations":[{"start":{"line":37,"column":3},"end":{"line":37,"column":16}},{"start":{"line":37,"column":16},"end":{"line":37,"column":32}}]},"3":{"loc":{"start":{"line":38,"column":0},"end":{"line":38,"column":null}},"type":"if","locations":[{"start":{"line":38,"column":0},"end":{"line":38,"column":null}},{"start":{},"end":{}}]},"4":{"loc":{"start":{"line":64,"column":15},"end":{"line":74,"column":null}},"type":"binary-expr","locations":[{"start":{"line":64,"column":15},"end":{"line":64,"column":44}},{"start":{"line":64,"column":44},"end":{"line":74,"column":null}}]}},"s":{"0":1,"1":0,"2":0,"3":0,"4":0,"5":0,"6":0,"7":0,"8":0,"9":0,"10":0,"11":0,"12":0,"13":0,"14":0,"15":0,"16":0,"17":0,"18":0,"19":0,"20":0,"21":0,"22":0,"23":0,"24":0,"25":0,"26":0,"27":0,"28":0,"29":0},"f":{"0":0,"1":0,"2":0,"3":0,"4":0,"5":0,"6":0},"b":{"0":[0,0],"1":[0,0],"2":[0,0],"3":[0,0],"4":[0,0]}}
,"/Users/rodrigue/Desktop/Projects/e-commerce-lydia-32-fn/src/Components/admin/RecentOrders.tsx": {"path":"/Users/rodrigue/Desktop/Projects/e-commerce-lydia-32-fn/src/Components/admin/RecentOrders.tsx","statementMap":{"0":{"start":{"line":7,"column":31},"end":{"line":65,"column":null}},"1":{"start":{"line":8,"column":19},"end":{"line":8,"column":null}},"2":{"start":{"line":9,"column":40},"end":{"line":9,"column":null}},"3":{"start":{"line":10,"column":24},"end":{"line":10,"column":null}},"4":{"start":{"line":12,"column":62},"end":{"line":12,"column":null}},"5":{"start":{"line":14,"column":2},"end":{"line":18,"column":null}},"6":{"start":{"line":15,"column":4},"end":{"line":17,"column":null}},"7":{"start":{"line":16,"column":6},"end":{"line":16,"column":null}},"8":{"start":{"line":20,"column":2},"end":{"line":22,"column":null}},"9":{"start":{"line":21,"column":4},"end":{"line":21,"column":null}},"10":{"start":{"line":24,"column":2},"end":{"line":24,"column":null}},"11":{"start":{"line":24,"column":36},"end":{"line":24,"column":null}},"12":{"start":{"line":25,"column":2},"end":{"line":25,"column":null}},"13":{"start":{"line":25,"column":13},"end":{"line":25,"column":null}},"14":{"start":{"line":27,"column":17},"end":{"line":27,"column":null}},"15":{"start":{"line":28,"column":21},"end":{"line":28,"column":null}},"16":{"start":{"line":29,"column":27},"end":{"line":29,"column":null}},"17":{"start":{"line":30,"column":28},"end":{"line":30,"column":null}},"18":{"start":{"line":31,"column":24},"end":{"line":31,"column":null}},"19":{"start":{"line":33,"column":19},"end":{"line":33,"column":null}},"20":{"start":{"line":33,"column":43},"end":{"line":33,"column":null}},"21":{"start":{"line":35,"column":2},"end":{"line":63,"column":null}},"22":{"start":{"line":49,"column":12},"end":{"line":54,"column":null}},"23":{"start":{"line":73,"column":46},"end":{"line":127,"column":null}},"24":{"start":{"line":74,"column":22},"end":{"line":74,"column":null}},"25":{"start":{"line":75,"column":18},"end":{"line":75,"column":null}},"26":{"start":{"line":76,"column":16},"end":{"line":76,"column":null}},"27":{"start":{"line":78,"column":2},"end":{"line":82,"column":null}},"28":{"start":{"line":79,"column":4},"end":{"line":79,"column":null}},"29":{"start":{"line":80,"column":2},"end":{"line":82,"column":null}},"30":{"start":{"line":81,"column":4},"end":{"line":81,"column":null}},"31":{"start":{"line":84,"column":2},"end":{"line":86,"column":null}},"32":{"start":{"line":84,"column":15},"end":{"line":84,"column":26}},"33":{"start":{"line":85,"column":4},"end":{"line":85,"column":null}},"34":{"start":{"line":88,"column":2},"end":{"line":92,"column":null}},"35":{"start":{"line":89,"column":4},"end":{"line":89,"column":null}},"36":{"start":{"line":90,"column":2},"end":{"line":92,"column":null}},"37":{"start":{"line":91,"column":4},"end":{"line":91,"column":null}},"38":{"start":{"line":94,"column":2},"end":{"line":125,"column":null}},"39":{"start":{"line":97,"column":23},"end":{"line":97,"column":null}},"40":{"start":{"line":104,"column":8},"end":{"line":116,"column":null}},"41":{"start":{"line":106,"column":25},"end":{"line":106,"column":null}},"42":{"start":{"line":119,"column":23},"end":{"line":119,"column":null}}},"fnMap":{"0":{"name":"(anonymous_0)","decl":{"start":{"line":7,"column":31},"end":{"line":7,"column":37}},"loc":{"start":{"line":7,"column":37},"end":{"line":65,"column":null}}},"1":{"name":"(anonymous_1)","decl":{"start":{"line":14,"column":12},"end":{"line":14,"column":18}},"loc":{"start":{"line":14,"column":18},"end":{"line":18,"column":5}}},"2":{"name":"(anonymous_2)","decl":{"start":{"line":20,"column":12},"end":{"line":20,"column":18}},"loc":{"start":{"line":20,"column":18},"end":{"line":22,"column":5}}},"3":{"name":"(anonymous_3)","decl":{"start":{"line":33,"column":19},"end":{"line":33,"column":20}},"loc":{"start":{"line":33,"column":43},"end":{"line":33,"column":null}}},"4":{"name":"(anonymous_4)","decl":{"start":{"line":48,"column":29},"end":{"line":48,"column":30}},"loc":{"start":{"line":49,"column":12},"end":{"line":54,"column":null}}},"5":{"name":"(anonymous_5)","decl":{"start":{"line":73,"column":46},"end":{"line":73,"column":47}},"loc":{"start":{"line":73,"column":89},"end":{"line":127,"column":null}}},"6":{"name":"(anonymous_6)","decl":{"start":{"line":97,"column":17},"end":{"line":97,"column":23}},"loc":{"start":{"line":97,"column":23},"end":{"line":97,"column":null}}},"7":{"name":"(anonymous_7)","decl":{"start":{"line":103,"column":23},"end":{"line":103,"column":24}},"loc":{"start":{"line":104,"column":8},"end":{"line":116,"column":null}}},"8":{"name":"(anonymous_8)","decl":{"start":{"line":106,"column":19},"end":{"line":106,"column":25}},"loc":{"start":{"line":106,"column":25},"end":{"line":106,"column":null}}},"9":{"name":"(anonymous_9)","decl":{"start":{"line":119,"column":17},"end":{"line":119,"column":23}},"loc":{"start":{"line":119,"column":23},"end":{"line":119,"column":null}}}},"branchMap":{"0":{"loc":{"start":{"line":15,"column":4},"end":{"line":17,"column":null}},"type":"if","locations":[{"start":{"line":15,"column":4},"end":{"line":17,"column":null}},{"start":{},"end":{}}]},"1":{"loc":{"start":{"line":24,"column":2},"end":{"line":24,"column":null}},"type":"if","locations":[{"start":{"line":24,"column":2},"end":{"line":24,"column":null}},{"start":{},"end":{}}]},"2":{"loc":{"start":{"line":24,"column":6},"end":{"line":24,"column":36}},"type":"binary-expr","locations":[{"start":{"line":24,"column":6},"end":{"line":24,"column":19}},{"start":{"line":24,"column":19},"end":{"line":24,"column":36}}]},"3":{"loc":{"start":{"line":25,"column":2},"end":{"line":25,"column":null}},"type":"if","locations":[{"start":{"line":25,"column":2},"end":{"line":25,"column":null}},{"start":{},"end":{}}]},"4":{"loc":{"start":{"line":27,"column":17},"end":{"line":27,"column":null}},"type":"binary-expr","locations":[{"start":{"line":27,"column":17},"end":{"line":27,"column":45}},{"start":{"line":27,"column":45},"end":{"line":27,"column":null}}]},"5":{"loc":{"start":{"line":78,"column":2},"end":{"line":82,"column":null}},"type":"if","locations":[{"start":{"line":78,"column":2},"end":{"line":82,"column":null}},{"start":{"line":80,"column":2},"end":{"line":82,"column":null}}]},"6":{"loc":{"start":{"line":80,"column":2},"end":{"line":82,"column":null}},"type":"if","locations":[{"start":{"line":80,"column":2},"end":{"line":82,"column":null}},{"start":{},"end":{}}]},"7":{"loc":{"start":{"line":88,"column":2},"end":{"line":92,"column":null}},"type":"if","locations":[{"start":{"line":88,"column":2},"end":{"line":92,"column":null}},{"start":{"line":90,"column":2},"end":{"line":92,"column":null}}]},"8":{"loc":{"start":{"line":90,"column":2},"end":{"line":92,"column":null}},"type":"if","locations":[{"start":{"line":90,"column":2},"end":{"line":92,"column":null}},{"start":{},"end":{}}]},"9":{"loc":{"start":{"line":106,"column":25},"end":{"line":106,"column":null}},"type":"binary-expr","locations":[{"start":{"line":106,"column":25},"end":{"line":106,"column":55}},{"start":{"line":106,"column":55},"end":{"line":106,"column":null}}]},"10":{"loc":{"start":{"line":108,"column":12},"end":{"line":112,"column":null}},"type":"cond-expr","locations":[{"start":{"line":109,"column":16},"end":{"line":109,"column":null}},{"start":{"line":110,"column":16},"end":{"line":112,"column":null}}]},"11":{"loc":{"start":{"line":110,"column":16},"end":{"line":112,"column":null}},"type":"cond-expr","locations":[{"start":{"line":111,"column":16},"end":{"line":111,"column":null}},{"start":{"line":112,"column":16},"end":{"line":112,"column":null}}]}},"s":{"0":1,"1":0,"2":0,"3":0,"4":0,"5":0,"6":0,"7":0,"8":0,"9":0,"10":0,"11":0,"12":0,"13":0,"14":0,"15":0,"16":0,"17":0,"18":0,"19":0,"20":0,"21":0,"22":0,"23":1,"24":0,"25":0,"26":0,"27":0,"28":0,"29":0,"30":0,"31":0,"32":0,"33":0,"34":0,"35":0,"36":0,"37":0,"38":0,"39":0,"40":0,"41":0,"42":0},"f":{"0":0,"1":0,"2":0,"3":0,"4":0,"5":0,"6":0,"7":0,"8":0,"9":0},"b":{"0":[0,0],"1":[0,0],"2":[0,0],"3":[0,0],"4":[0,0],"5":[0,0],"6":[0,0],"7":[0,0],"8":[0,0],"9":[0,0],"10":[0,0],"11":[0,0]}}
,"/Users/rodrigue/Desktop/Projects/e-commerce-lydia-32-fn/src/Components/admin/Roles.tsx": {"path":"/Users/rodrigue/Desktop/Projects/e-commerce-lydia-32-fn/src/Components/admin/Roles.tsx","statementMap":{"0":{"start":{"line":9,"column":24},"end":{"line":109,"column":null}},"1":{"start":{"line":10,"column":19},"end":{"line":10,"column":null}},"2":{"start":{"line":11,"column":36},"end":{"line":11,"column":null}},"3":{"start":{"line":13,"column":45},"end":{"line":13,"column":null}},"4":{"start":{"line":14,"column":23},"end":{"line":14,"column":null}},"5":{"start":{"line":16,"column":2},"end":{"line":30,"column":null}},"6":{"start":{"line":17,"column":23},"end":{"line":28,"column":null}},"7":{"start":{"line":18,"column":6},"end":{"line":18,"column":null}},"8":{"start":{"line":19,"column":6},"end":{"line":27,"column":null}},"9":{"start":{"line":20,"column":8},"end":{"line":22,"column":null}},"10":{"start":{"line":21,"column":10},"end":{"line":21,"column":null}},"11":{"start":{"line":24,"column":8},"end":{"line":24,"column":null}},"12":{"start":{"line":26,"column":8},"end":{"line":26,"column":null}},"13":{"start":{"line":29,"column":4},"end":{"line":29,"column":null}},"14":{"start":{"line":32,"column":2},"end":{"line":34,"column":null}},"15":{"start":{"line":33,"column":4},"end":{"line":33,"column":null}},"16":{"start":{"line":36,"column":2},"end":{"line":36,"column":null}},"17":{"start":{"line":36,"column":30},"end":{"line":36,"column":null}},"18":{"start":{"line":37,"column":2},"end":{"line":37,"column":null}},"19":{"start":{"line":37,"column":13},"end":{"line":37,"column":null}},"20":{"start":{"line":39,"column":27},"end":{"line":49,"column":null}},"21":{"start":{"line":40,"column":4},"end":{"line":40,"column":null}},"22":{"start":{"line":41,"column":4},"end":{"line":48,"column":null}},"23":{"start":{"line":42,"column":6},"end":{"line":42,"column":null}},"24":{"start":{"line":43,"column":6},"end":{"line":43,"column":null}},"25":{"start":{"line":45,"column":6},"end":{"line":45,"column":null}},"26":{"start":{"line":47,"column":6},"end":{"line":47,"column":null}},"27":{"start":{"line":51,"column":2},"end":{"line":107,"column":null}},"28":{"start":{"line":72,"column":12},"end":{"line":99,"column":null}},"29":{"start":{"line":76,"column":39},"end":{"line":76,"column":66}}},"fnMap":{"0":{"name":"(anonymous_0)","decl":{"start":{"line":9,"column":24},"end":{"line":9,"column":30}},"loc":{"start":{"line":9,"column":30},"end":{"line":109,"column":null}}},"1":{"name":"(anonymous_1)","decl":{"start":{"line":16,"column":12},"end":{"line":16,"column":18}},"loc":{"start":{"line":16,"column":18},"end":{"line":30,"column":5}}},"2":{"name":"(anonymous_2)","decl":{"start":{"line":17,"column":23},"end":{"line":17,"column":29}},"loc":{"start":{"line":17,"column":29},"end":{"line":28,"column":null}}},"3":{"name":"(anonymous_3)","decl":{"start":{"line":32,"column":12},"end":{"line":32,"column":18}},"loc":{"start":{"line":32,"column":18},"end":{"line":34,"column":5}}},"4":{"name":"(anonymous_4)","decl":{"start":{"line":39,"column":27},"end":{"line":39,"column":34}},"loc":{"start":{"line":39,"column":46},"end":{"line":49,"column":null}}},"5":{"name":"(anonymous_5)","decl":{"start":{"line":71,"column":48},"end":{"line":71,"column":49}},"loc":{"start":{"line":72,"column":12},"end":{"line":99,"column":null}}},"6":{"name":"(anonymous_6)","decl":{"start":{"line":76,"column":33},"end":{"line":76,"column":39}},"loc":{"start":{"line":76,"column":39},"end":{"line":76,"column":66}}}},"branchMap":{"0":{"loc":{"start":{"line":20,"column":8},"end":{"line":22,"column":null}},"type":"if","locations":[{"start":{"line":20,"column":8},"end":{"line":22,"column":null}},{"start":{},"end":{}}]},"1":{"loc":{"start":{"line":36,"column":2},"end":{"line":36,"column":null}},"type":"if","locations":[{"start":{"line":36,"column":2},"end":{"line":36,"column":null}},{"start":{},"end":{}}]},"2":{"loc":{"start":{"line":36,"column":6},"end":{"line":36,"column":30}},"type":"binary-expr","locations":[{"start":{"line":36,"column":6},"end":{"line":36,"column":19}},{"start":{"line":36,"column":19},"end":{"line":36,"column":30}}]},"3":{"loc":{"start":{"line":37,"column":2},"end":{"line":37,"column":null}},"type":"if","locations":[{"start":{"line":37,"column":2},"end":{"line":37,"column":null}},{"start":{},"end":{}}]},"4":{"loc":{"start":{"line":71,"column":11},"end":{"line":100,"column":null}},"type":"binary-expr","locations":[{"start":{"line":71,"column":11},"end":{"line":71,"column":29}},{"start":{"line":71,"column":29},"end":{"line":100,"column":null}}]}},"s":{"0":1,"1":0,"2":0,"3":0,"4":0,"5":0,"6":0,"7":0,"8":0,"9":0,"10":0,"11":0,"12":0,"13":0,"14":0,"15":0,"16":0,"17":0,"18":0,"19":0,"20":0,"21":0,"22":0,"23":0,"24":0,"25":0,"26":0,"27":0,"28":0,"29":0},"f":{"0":0,"1":0,"2":0,"3":0,"4":0,"5":0,"6":0},"b":{"0":[0,0],"1":[0,0],"2":[0,0],"3":[0,0],"4":[0,0]}}
,"/Users/rodrigue/Desktop/Projects/e-commerce-lydia-32-fn/src/Components/admin/Sidebar.tsx": {"path":"/Users/rodrigue/Desktop/Projects/e-commerce-lydia-32-fn/src/Components/admin/Sidebar.tsx","statementMap":{"0":{"start":{"line":14,"column":40},"end":{"line":110,"column":null}},"1":{"start":{"line":15,"column":38},"end":{"line":15,"column":null}},"2":{"start":{"line":16,"column":50},"end":{"line":16,"column":null}},"3":{"start":{"line":18,"column":30},"end":{"line":18,"column":null}},"4":{"start":{"line":18,"column":36},"end":{"line":18,"column":null}},"5":{"start":{"line":19,"column":36},"end":{"line":19,"column":null}},"6":{"start":{"line":19,"column":42},"end":{"line":19,"column":null}},"7":{"start":{"line":21,"column":19},"end":{"line":21,"column":null}},"8":{"start":{"line":22,"column":19},"end":{"line":22,"column":null}},"9":{"start":{"line":24,"column":19},"end":{"line":24,"column":null}},"10":{"start":{"line":26,"column":23},"end":{"line":44,"column":null}},"11":{"start":{"line":27,"column":4},"end":{"line":43,"column":null}},"12":{"start":{"line":29,"column":6},"end":{"line":29,"column":null}},"13":{"start":{"line":30,"column":6},"end":{"line":30,"column":null}},"14":{"start":{"line":31,"column":6},"end":{"line":31,"column":null}},"15":{"start":{"line":32,"column":6},"end":{"line":32,"column":null}},"16":{"start":{"line":34,"column":6},"end":{"line":42,"column":null}},"17":{"start":{"line":35,"column":8},"end":{"line":35,"column":null}},"18":{"start":{"line":36,"column":6},"end":{"line":42,"column":null}},"19":{"start":{"line":37,"column":8},"end":{"line":37,"column":null}},"20":{"start":{"line":38,"column":6},"end":{"line":42,"column":null}},"21":{"start":{"line":39,"column":8},"end":{"line":39,"column":null}},"22":{"start":{"line":41,"column":8},"end":{"line":41,"column":null}},"23":{"start":{"line":46,"column":2},"end":{"line":108,"column":null}}},"fnMap":{"0":{"name":"(anonymous_0)","decl":{"start":{"line":14,"column":40},"end":{"line":14,"column":41}},"loc":{"start":{"line":14,"column":71},"end":{"line":110,"column":null}}},"1":{"name":"(anonymous_1)","decl":{"start":{"line":18,"column":30},"end":{"line":18,"column":36}},"loc":{"start":{"line":18,"column":36},"end":{"line":18,"column":null}}},"2":{"name":"(anonymous_2)","decl":{"start":{"line":19,"column":36},"end":{"line":19,"column":42}},"loc":{"start":{"line":19,"column":42},"end":{"line":19,"column":null}}},"3":{"name":"(anonymous_3)","decl":{"start":{"line":26,"column":23},"end":{"line":26,"column":34}},"loc":{"start":{"line":26,"column":34},"end":{"line":44,"column":null}}}},"branchMap":{"0":{"loc":{"start":{"line":34,"column":6},"end":{"line":42,"column":null}},"type":"if","locations":[{"start":{"line":34,"column":6},"end":{"line":42,"column":null}},{"start":{"line":36,"column":6},"end":{"line":42,"column":null}}]},"1":{"loc":{"start":{"line":36,"column":6},"end":{"line":42,"column":null}},"type":"if","locations":[{"start":{"line":36,"column":6},"end":{"line":42,"column":null}},{"start":{"line":38,"column":6},"end":{"line":42,"column":null}}]},"2":{"loc":{"start":{"line":38,"column":6},"end":{"line":42,"column":null}},"type":"if","lo
[...]
,"/Users/rodrigue/Desktop/Projects/e-commerce-lydia-32-fn/src/slices/sellerSlice/sellerProductSlice.tsx": {"path":"/Users/rodrigue/Desktop/Projects/e-commerce-lydia-32-fn/src/slices/sellerSlice/sellerProductSlice.tsx","statementMap":{"0":{"start":{"line":3,"column":27},"end":{"line":3,"column":null}},"1":{"start":{"line":4,"column":33},"end":{"line":6,"column":null}},"2":{"start":{"line":8,"column":21},"end":{"line":12,"column":null}},"3":{"start":{"line":14,"column":27},"end":{"line":26,"column":null}},"4":{"start":{"line":19,"column":6},"end":{"line":19,"column":null}},"5":{"start":{"line":20,"column":6},"end":{"line":23,"column":null}},"6":{"start":{"line":28,"column":41},"end":{"line":28,"column":null}}},"fnMap":{"0":{"name":"(anonymous_0)","decl":{"start":{"line":18,"column":4},"end":{"line":18,"column":26}},"loc":{"start":{"line":18,"column":63},"end":{"line":24,"column":null}}}},"branchMap":{"0":{"loc":{"start":{"line":4,"column":33},"end":{"line":6,"column":null}},"type":"cond-expr","locations":[{"start":{"line":5,"column":4},"end":{"line":5,"column":null}},{"start":{"line":6,"column":4},"end":{"line":6,"column":null}}]},"1":{"loc":{"start":{"line":9,"column":22},"end":{"line":11,"column":null}},"type":"cond-expr","locations":[{"start":{"line":10,"column":6},"end":{"line":10,"column":null}},{"start":{"line":11,"column":6},"end":{"line":11,"column":null}}]}},"s":{"0":1,"1":1,"2":1,"3":1,"4":0,"5":0,"6":1},"f":{"0":0},"b":{"0":[0,1],"1":[1,0]}}
,"/Users/rodrigue/Desktop/Projects/e-commerce-lydia-32-fn/src/slices/sellerSlice/sellerProductsApiSlice.tsx": {"path":"/Users/rodrigue/Desktop/Projects/e-commerce-lydia-32-fn/src/slices/sellerSlice/sellerProductsApiSlice.tsx","statementMap":{"0":{"start":{"line":2,"column":17},"end":{"line":2,"column":null}},"1":{"start":{"line":4,"column":31},"end":{"line":19,"column":null}},"2":{"start":{"line":5,"column":27},"end":{"line":18,"column":null}},"3":{"start":{"line":7,"column":20},"end":{"line":10,"column":null}},"4":{"start":{"line":13,"column":30},"end":{"line":16,"column":null}},"5":{"start":{"line":21,"column":77},"end":{"line":21,"column":null}}},"fnMap":{"0":{"name":"(anonymous_0)","decl":{"start":{"line":5,"column":13},"end":{"line":5,"column":14}},"loc":{"start":{"line":5,"column":27},"end":{"line":18,"column":null}}},"1":{"name":"(anonymous_1)","decl":{"start":{"line":7,"column":13},"end":{"line":7,"column":20}},"loc":{"start":{"line":7,"column":20},"end":{"line":10,"column":null}}},"2":{"name":"(anonymous_2)","decl":{"start":{"line":13,"column":13},"end":{"line":13,"column":14}},"loc":{"start":{"line":13,"column":30},"end":{"line":16,"column":null}}}},"branchMap":{},"s":{"0":1,"1":1,"2":1,"3":0,"4":0,"5":1},"f":{"0":1,"1":0,"2":0},"b":{}}
,"/Users/rodrigue/Desktop/Projects/e-commerce-lydia-32-fn/src/slices/sellerSlice/singlerSellerProductsApiSlice.tsx": {"path":"/Users/rodrigue/Desktop/Projects/e-commerce-lydia-32-fn/src/slices/sellerSlice/singlerSellerProductsApiSlice.tsx","statementMap":{"0":{"start":{"line":2,"column":17},"end":{"line":2,"column":null}},"1":{"start":{"line":4,"column":31},"end":{"line":13,"column":null}},"2":{"start":{"line":5,"column":27},"end":{"line":12,"column":null}},"3":{"start":{"line":7,"column":20},"end":{"line":10,"column":null}},"4":{"start":{"line":15,"column":44},"end":{"line":15,"column":null}}},"fnMap":{"0":{"name":"(anonymous_0)","decl":{"start":{"line":5,"column":13},"end":{"line":5,"column":14}},"loc":{"start":{"line":5,"column":27},"end":{"line":12,"column":null}}},"1":{"name":"(anonymous_1)","decl":{"start":{"line":7,"column":13},"end":{"line":7,"column":20}},"loc":{"start":{"line":7,"column":20},"end":{"line":10,"column":null}}}},"branchMap":{},"s":{"0":0,"1":0,"2":0,"3":0,"4":0},"f":{"0":0,"1":0},"b":{}}
,"/Users/rodrigue/Desktop/Projects/e-commerce-lydia-32-fn/src/slices/usersSlice/userApiSlice.tsx": {"path":"/Users/rodrigue/Desktop/Projects/e-commerce-lydia-32-fn/src/slices/usersSlice/userApiSlice.tsx","statementMap":{"0":{"start":{"line":2,"column":24},"end":{"line":2,"column":null}},"1":{"start":{"line":4,"column":29},"end":{"line":20,"column":null}},"2":{"start":{"line":5,"column":27},"end":{"line":19,"column":null}},"3":{"start":{"line":7,"column":20},"end":{"line":10,"column":null}},"4":{"start":{"line":13,"column":22},"end":{"line":16,"column":null}},"5":{"start":{"line":25,"column":4},"end":{"line":25,"column":null}}},"fnMap":{"0":{"name":"(anonymous_0)","decl":{"start":{"line":5,"column":13},"end":{"line":5,"column":14}},"loc":{"start":{"line":5,"column":27},"end":{"line":19,"column":null}}},"1":{"name":"(anonymous_1)","decl":{"start":{"line":7,"column":13},"end":{"line":7,"column":20}},"loc":{"start":{"line":7,"column":20},"end":{"line":10,"column":null}}},"2":{"name":"(anonymous_2)","decl":{"start":{"line":13,"column":13},"end":{"line":13,"column":14}},"loc":{"start":{"line":13,"column":22},"end":{"line":16,"column":null}}}},"branchMap":{},"s":{"0":1,"1":1,"2":1,"3":0,"4":0,"5":1},"f":{"0":1,"1":0,"2":0},"b":{}}
,"/Users/rodrigue/Desktop/Projects/e-commerce-lydia-32-fn/src/slices/usersSlice/userSlice.tsx": {"path":"/Users/rodrigue/Desktop/Projects/e-commerce-lydia-32-fn/src/slices/usersSlice/userSlice.tsx","statementMap":{"0":{"start":{"line":3,"column":18},"end":{"line":3,"column":null}},"1":{"start":{"line":4,"column":24},"end":{"line":4,"column":null}},"2":{"start":{"line":6,"column":21},"end":{"line":8,"column":null}},"3":{"start":{"line":10,"column":19},"end":{"line":19,"column":null}},"4":{"start":{"line":15,"column":6},"end":{"line":15,"column":null}},"5":{"start":{"line":16,"column":6},"end":{"line":16,"column":null}},"6":{"start":{"line":21,"column":32},"end":{"line":21,"column":null}}},"fnMap":{"0":{"name":"(anonymous_0)","decl":{"start":{"line":14,"column":4},"end":{"line":14,"column":17}},"loc":{"start":{"line":14,"column":54},"end":{"line":17,"column":null}}}},"branchMap":{"0":{"loc":{"start":{"line":4,"column":24},"end":{"line":4,"column":null}},"type":"cond-expr","locations":[{"start":{"line":4,"column":36},"end":{"line":4,"column":60}},{"start":{"line":4,"column":60},"end":{"line":4,"column":null}}]},"1":{"loc":{"start":{"line":7,"column":13},"end":{"line":7,"column":null}},"type":"cond-expr","locations":[{"start":{"line":7,"column":46},"end":{"line":7,"column":64}},{"start":{"line":7,"column":64},"end":{"line":7,"column":null}}]}},"s":{"0":1,"1":1,"2":1,"3":1,"4":0,"5":0,"6":1},"f":{"0":0},"b":{"0":[0,1],"1":[1,0]}}
,"/Users/rodrigue/Desktop/Projects/e-commerce-lydia-32-fn/src/slices/wishlistSlice/wishlistSlice.tsx": {"path":"/Users/rodrigue/Desktop/Projects/e-commerce-lydia-32-fn/src/slices/wishlistSlice/wishlistSlice.tsx","statementMap":{"0":{"start":{"line":3,"column":21},"end":{"line":3,"column":null}},"1":{"start":{"line":4,"column":27},"end":{"line":4,"column":null}},"2":{"start":{"line":6,"column":21},"end":{"line":8,"column":null}},"3":{"start":{"line":10,"column":22},"end":{"line":19,"column":null}},"4":{"start":{"line":15,"column":6},"end":{"line":15,"column":null}},"5":{"start":{"line":16,"column":6},"end":{"line":16,"column":null}},"6":{"start":{"line":21,"column":35},"end":{"line":21,"column":null}}},"fnMap":{"0":{"name":"(anonymous_0)","decl":{"start":{"line":14,"column":4},"end":{"line":14,"column":20}},"loc":{"start":{"line":14,"column":57},"end":{"line":17,"column":null}}}},"branchMap":{"0":{"loc":{"start":{"line":4,"column":27},"end":{"line":4,"column":null}},"type":"cond-expr","locations":[{"start":{"line":4,"column":42},"end":{"line":4,"column":69}},{"start":{"line":4,"column":69},"end":{"line":4,"column":null}}]},"1":{"loc":{"start":{"line":7,"column":16},"end":{"line":7,"column":null}},"type":"cond-expr","locations":[{"start":{"line":7,"column":52},"end":{"line":7,"column":73}},{"start":{"line":7,"column":73},"end":{"line":7,"column":null}}]}},"s":{"0":1,"1":1,"2":1,"3":1,"4":0,"5":0,"6":1},"f":{"0":0},"b":{"0":[0,1],"1":[1,0]}}
,"/Users/rodrigue/Desktop/Projects/e-commerce-lydia-32-fn/src/slices/wishlistSlice/wishlistSliceApi.tsx": {"path":"/Users/rodrigue/Desktop/Projects/e-commerce-lydia-32-fn/src/slices/wishlistSlice/wishlistSliceApi.tsx","statementMap":{"0":{"start":{"line":2,"column":24},"end":{"line":2,"column":null}},"1":{"start":{"line":4,"column":32},"end":{"line":25,"column":null}},"2":{"start":{"line":5,"column":27},"end":{"line":24,"column":null}},"3":{"start":{"line":7,"column":20},"end":{"line":10,"column":null}},"4":{"start":{"line":13,"column":26},"end":{"line":16,"column":null}},"5":{"start":{"line":19,"column":29},"end":{"line":22,"column":null}},"6":{"start":{"line":31,"column":4},"end":{"line":31,"column":null}}},"fnMap":{"0":{"name":"(anonymous_0)","decl":{"start":{"line":5,"column":13},"end":{"line":5,"column":14}},"loc":{"start":{"line":5,"column":27},"end":{"line":24,"column":null}}},"1":{"name":"(anonymous_1)","decl":{"start":{"line":7,"column":13},"end":{"line":7,"column":20}},"loc":{"start":{"line":7,"column":20},"end":{"line":10,"column":null}}},"2":{"name":"(anonymous_2)","decl":{"start":{"line":13,"column":13},"end":{"line":13,"column":14}},"loc":{"start":{"line":13,"column":26},"end":{"line":16,"column":null}}},"3":{"name":"(anonymous_3)","decl":{"start":{"line":19,"column":13},"end":{"line":19,"column":14}},"loc":{"start":{"line":19,"column":29},"end":{"line":22,"column":null}}}},"branchMap":{},"s":{"0":1,"1":1,"2":1,"3":0,"4":0,"5":0,"6":1},"f":{"0":1,"1":0,"2":0,"3":0},"b":{}}
,"/Users/rodrigue/Desktop/Projects/e-commerce-lydia-32-fn/src/stories/Button.stories.ts": {"path":"/Users/rodrigue/Desktop/Projects/e-commerce-lydia-32-fn/src/stories/Button.stories.ts","statementMap":{"0":{"start":{"line":6,"column":13},"end":{"line":21,"column":null}},"1":{"start":{"line":27,"column":30},"end":{"line":32,"column":null}},"2":{"start":{"line":34,"column":32},"end":{"line":38,"column":null}},"3":{"start":{"line":40,"column":28},"end":{"line":45,"column":null}},"4":{"start":{"line":47,"column":28},"end":{"line":52,"column":null}}},"fnMap":{},"branchMap":{},"s":{"0":0,"1":0,"2":0,"3":0,"4":0},"f":{},"b":{}}
,"/Users/rodrigue/Desktop/Projects/e-commerce-lydia-32-fn/src/stories/Button.tsx": {"path":"/Users/rodrigue/Desktop/Projects/e-commerce-lydia-32-fn/src/stories/Button.tsx","statementMap":{"0":{"start":{"line":30,"column":22},"end":{"line":48,"column":null}},"1":{"start":{"line":37,"column":15},"end":{"line":37,"column":null}},"2":{"start":{"line":38,"column":2},"end":{"line":46,"column":null}}},"fnMap":{"0":{"name":"(anonymous_0)","decl":{"start":{"line":30,"column":22},"end":{"line":30,"column":23}},"loc":{"start":{"line":36,"column":19},"end":{"line":48,"column":null}}}},"branchMap":{"0":{"loc":{"start":{"line":31,"column":2},"end":{"line":31,"column":null}},"type":"default-arg","locations":[{"start":{"line":31,"column":12},"end":{"line":31,"column":null}}]},"1":{"loc":{"start":{"line":32,"column":2},"end":{"line":32,"column":null}},"type":"default-arg","locations":[{"start":{"line":32,"column":9},"end":{"line":32,"column":null}}]},"2":{"loc":{"start":{"line":37,"column":15},"end":{"line":37,"column":null}},"type":"cond-expr","locations":[{"start":{"line":37,"column":25},"end":{"line":37,"column":55}},{"start":{"line":37,"column":55},"end":{"line":37,"column":null}}]}},"s":{"0":0,"1":0,"2":0},"f":{"0":0},"b":{"0":[0],"1":[0],"2":[0,0]}}
,"/Users/rodrigue/Desktop/Projects/e-commerce-lydia-32-fn/src/stories/Header.stories.ts": {"path":"/Users/rodrigue/Desktop/Projects/e-commerce-lydia-32-fn/src/stories/Header.stories.ts","statementMap":{"0":{"start":{"line":6,"column":13},"end":{"line":20,"column":null}},"1":{"start":{"line":25,"column":31},"end":{"line":31,"column":null}},"2":{"start":{"line":33,"column":32},"end":{"line":33,"column":null}}},"fnMap":{},"branchMap":{},"s":{"0":0,"1":0,"2":0},"f":{},"b":{}}
,"/Users/rodrigue/Desktop/Projects/e-commerce-lydia-32-fn/src/stories/Header.tsx": {"path":"/Users/rodrigue/Desktop/Projects/e-commerce-lydia-32-fn/src/stories/Header.tsx","statementMap":{"0":{"start":{"line":17,"column":22},"end":{"line":55,"column":null}},"1":{"start":{"line":18,"column":2},"end":{"line":55,"column":null}}},"fnMap":{"0":{"name":"(anonymous_0)","decl":{"start":{"line":17,"column":22},"end":{"line":17,"column":23}},"loc":{"start":{"line":18,"column":2},"end":{"line":55,"column":null}}}},"branchMap":{"0":{"loc":{"start":{"line":40,"column":9},"end":{"line":51,"column":null}},"type":"cond-expr","locations":[{"start":{"line":41,"column":10},"end":{"line":46,"column":null}},{"start":{"line":48,"column":10},"end":{"line":51,"column":null}}]}},"s":{"0":0,"1":0},"f":{"0":0},"b":{"0":[0,0]}}
,"/Users/rodrigue/Desktop/Projects/e-commerce-lydia-32-fn/src/stories/Page.stories.ts": {"path":"/Users/rodrigue/Desktop/Projects/e-commerce-lydia-32-fn/src/stories/Page.stories.ts","statementMap":{"0":{"start":{"line":6,"column":13},"end":{"line":13,"column":null}},"1":{"start":{"line":18,"column":32},"end":{"line":18,"column":null}},"2":{"start":{"line":21,"column":31},"end":{"line":32,"column":null}},"3":{"start":{"line":23,"column":19},"end":{"line":23,"column":null}},"4":{"start":{"line":24,"column":24},"end":{"line":24,"column":null}},"5":{"start":{"line":25,"column":4},"end":{"line":25,"column":null}},"6":{"start":{"line":26,"column":4},"end":{"line":26,"column":null}},"7":{"start":{"line":27,"column":4},"end":{"line":27,"column":null}},"8":{"start":{"line":29,"column":25},"end":{"line":29,"column":null}},"9":{"start":{"line":30,"column":4},"end":{"line":30,"column":null}}},"fnMap":{"0":{"name":"(anonymous_0)","decl":{"start":{"line":22,"column":8},"end":{"line":22,"column":15}},"loc":{"start":{"line":22,"column":37},"end":{"line":31,"column":null}}}},"branchMap":{},"s":{"0":0,"1":0,"2":0,"3":0,"4":0,"5":0,"6":0,"7":0,"8":0,"9":0},"f":{"0":0},"b":{}}
,"/Users/rodrigue/Desktop/Projects/e-commerce-lydia-32-fn/src/stories/Page.tsx": {"path":"/Users/rodrigue/Desktop/Projects/e-commerce-lydia-32-fn/src/stories/Page.tsx","statementMap":{"0":{"start":{"line":10,"column":30},"end":{"line":73,"column":null}},"1":{"start":{"line":11,"column":26},"end":{"line":11,"column":null}},"2":{"start":{"line":13,"column":2},"end":{"line":71,"column":null}},"3":{"start":{"line":17,"column":23},"end":{"line":17,"column":null}},"4":{"start":{"line":18,"column":24},"end":{"line":18,"column":null}},"5":{"start":{"line":19,"column":31},"end":{"line":19,"column":null}}},"fnMap":{"0":{"name":"(anonymous_0)","decl":{"start":{"line":10,"column":30},"end":{"line":10,"column":36}},"loc":{"start":{"line":10,"column":36},"end":{"line":73,"column":null}}},"1":{"name":"(anonymous_1)","decl":{"start":{"line":17,"column":17},"end":{"line":17,"column":23}},"loc":{"start":{"line":17,"column":23},"end":{"line":17,"column":null}}},"2":{"name":"(anonymous_2)","decl":{"start":{"line":18,"column":18},"end":{"line":18,"column":24}},"loc":{"start":{"line":18,"column":24},"end":{"line":18,"column":null}}},"3":{"name":"(anonymous_3)","decl":{"start":{"line":19,"column":25},"end":{"line":19,"column":31}},"loc":{"start":{"line":19,"column":31},"end":{"line":19,"column":null}}}},"branchMap":{},"s":{"0":0,"1":0,"2":0,"3":0,"4":0,"5":0},"f":{"0":0,"1":0,"2":0,"3":0},"b":{}}
,"/Users/rodrigue/Desktop/Projects/e-commerce-lydia-32-fn/src/utils/api.ts": {"path":"/Users/rodrigue/Desktop/Projects/e-commerce-lydia-32-fn/src/utils/api.ts","statementMap":{"0":{"start":{"line":4,"column":19},"end":{"line":9,"column":null}},"1":{"start":{"line":11,"column":0},"end":{"line":22,"column":null}},"2":{"start":{"line":13,"column":18},"end":{"line":13,"column":null}},"3":{"start":{"line":14,"column":4},"end":{"line":16,"column":null}},"4":{"start":{"line":15,"column":6},"end":{"line":15,"column":null}},"5":{"start":{"line":17,"column":4},"end":{"line":17,"column":null}},"6":{"start":{"line":20,"column":4},"end":{"line":20,"column":null}}},"fnMap":{"0":{"name":"(anonymous_0)","decl":{"start":{"line":12,"column":2},"end":{"line":12,"column":3}},"loc":{"start":{"line":12,"column":14},"end":{"line":18,"column":null}}},"1":{"name":"(anonymous_1)","decl":{"start":{"line":19,"column":2},"end":{"line":19,"column":3}},"loc":{"start":{"line":19,"column":13},"end":{"line":21,"column":null}}}},"branchMap":{"0":{"loc":{"start":{"line":14,"column":4},"end":{"line":16,"column":null}},"type":"if","locations":[{"start":{"line":14,"column":4},"end":{"line":16,"column":null}},{"start":{},"end":{}}]}},"s":{"0":0,"1":0,"2":0,"3":0,"4":0,"5":0,"6":0},"f":{"0":0,"1":0},"b":{"0":[0,0]}}
,"/Users/rodrigue/Desktop/Projects/e-commerce-lydia-32-fn/src/utils/cryptoUtils.ts": {"path":"/Users/rodrigue/Desktop/Projects/e-commerce-lydia-32-fn/src/utils/cryptoUtils.ts","statementMap":{"0":{"start":{"line":3,"column":19},"end":{"line":3,"column":null}},"1":{"start":{"line":4,"column":24},"end":{"line":4,"column":null}},"2":{"start":{"line":5,"column":17},"end":{"line":5,"column":null}},"3":{"start":{"line":8,"column":4},"end":{"line":8,"column":null}},"4":{"start":{"line":12,"column":4},"end":{"line":18,"column":null}},"5":{"start":{"line":13,"column":22},"end":{"line":13,"column":null}},"6":{"start":{"line":14,"column":8},"end":{"line":14,"column":null}},"7":{"start":{"line":16,"column":8},"end":{"line":16,"column":null}},"8":{"start":{"line":17,"column":8},"end":{"line":17,"column":null}},"9":{"start":{"line":23,"column":22},"end":{"line":23,"column":null}},"10":{"start":{"line":24,"column":4},"end":{"line":24,"column":null}},"11":{"start":{"line":24,"column":20},"end":{"line":24,"column":null}},"12":{"start":{"line":26,"column":22},"end":{"line":26,"column":null}},"13":{"start":{"line":27,"column":10},"end":{"line":27,"column":null}},"14":{"start":{"line":30,"column":4},"end":{"line":30,"column":null}}},"fnMap":{"0":{"name":"encodeToken","decl":{"start":{"line":7,"column":16},"end":{"line":7,"column":28}},"loc":{"start":{"line":7,"column":50},"end":{"line":9,"column":null}}},"1":{"name":"decodeToken","decl":{"start":{"line":11,"column":16},"end":{"line":11,"column":28}},"loc":{"start":{"line":11,"column":64},"end":{"line":19,"column":null}}},"2":{"name":"isTokenExpired","decl":{"start":{"line":22,"column":16},"end":{"line":22,"column":31}},"loc":{"start":{"line":22,"column":55},"end":{"line":31,"column":null}}}},"branchMap":{"0":{"loc":{"start":{"line":24,"column":4},"end":{"line":24,"column":null}},"type":"if","locations":[{"start":{"line":24,"column":4},"end":{"line":24,"column":null}},{"start":{},"end":{}}]}},"s":{"0":3,"1":3,"2":3,"3":0,"4":0,"5":0,"6":0,"7":0,"8":0,"9":0,"10":0,"11":0,"12":0,"13":0,"14":0},"f":{"0":0,"1":0,"2":0},"b":{"0":[0,0]}}
,"/Users/rodrigue/Desktop/Projects/e-commerce-lydia-32-fn/src/utils/notifyUsers.ts": {"path":"/Users/rodrigue/Desktop/Projects/e-commerce-lydia-32-fn/src/utils/notifyUsers.ts","statementMap":{"0":{"start":{"line":3,"column":22},"end":{"line":5,"column":null}},"1":{"start":{"line":4,"column":2},"end":{"line":4,"column":null}}},"fnMap":{"0":{"name":"(anonymous_0)","decl":{"start":{"line":3,"column":22},"end":{"line":3,"column":23}},"loc":{"start":{"line":3,"column":43},"end":{"line":5,"column":null}}}},"branchMap":{},"s":{"0":1,"1":0},"f":{"0":0},"b":{}}
}
